<?xml version="1.0" encoding="utf-8"?><testsuites name="pytest tests"><testsuite name="pytest" errors="0" failures="0" skipped="0" tests="6" time="1.563" timestamp="2026-04-20T12:56:14.327957+00:00" hostname="agent-env-ff71d4f1-196c-44f4-bdb6-8c44fdfc3702"><testcase classname="backend.tests.test_guest_conversion.TestCheckEmail" name="test_check_existing_admin_email" time="0.275" /><testcase classname="backend.tests.test_guest_conversion.TestCheckEmail" name="test_check_fresh_email" time="0.073" /><testcase classname="backend.tests.test_guest_conversion.TestClaimOrders" name="test_claim_order_not_found" time="0.073" /><testcase classname="backend.tests.test_guest_conversion.TestClaimOrders" name="test_claim_email_mismatch" time="0.076" /><testcase classname="backend.tests.test_guest_conversion.TestClaimOrders" name="test_claim_short_password" time="0.075" /><testcase classname="backend.tests.test_guest_conversion.TestClaimOrders" name="test_claim_happy_path_multi_order" time="0.857" /></testsuite></testsuites>