<?xml version="1.0" encoding="utf-8"?><testsuites name="pytest tests"><testsuite name="pytest" errors="0" failures="10" skipped="7" tests="467" time="141.636" timestamp="2026-04-20T15:14:24.062571+00:00" hostname="agent-env-ff71d4f1-196c-44f4-bdb6-8c44fdfc3702"><testcase classname="tests.test_admin_orders.TestAdminOrdersAuth" name="test_get_new_orders_without_auth_returns_401" time="0.202" /><testcase classname="tests.test_admin_orders.TestAdminOrdersAuth" name="test_accept_order_without_auth_returns_401" time="0.109" /><testcase classname="tests.test_admin_orders.TestAdminOrdersAuth" name="test_reject_order_without_auth_returns_401" time="0.116" /><testcase classname="tests.test_admin_orders.TestAdminOrdersAuth" name="test_advance_order_without_auth_returns_401" time="0.112" /><testcase classname="tests.test_admin_orders.TestAdminOrdersWithAuth" name="test_get_new_orders_returns_structure" time="0.446" /><testcase classname="tests.test_admin_orders.TestAdminOrdersWithAuth" name="test_get_new_orders_with_future_since_returns_empty" time="0.406" /><testcase classname="tests.test_admin_orders.TestAdminOrdersWithAuth" name="test_accept_nonexistent_order_returns_404" time="0.416" /><testcase classname="tests.test_admin_orders.TestAdminOrdersWithAuth" name="test_reject_nonexistent_order_returns_404" time="0.397" /><testcase classname="tests.test_admin_orders.TestAdminOrdersWithAuth" name="test_advance_nonexistent_order_returns_404" time="0.402" /><testcase classname="tests.test_admin_orders.TestPublicOrderTracking" name="test_get_order_nonexistent_returns_404" time="0.104" /><testcase classname="tests.test_admin_orders.TestOrderWorkflow" name="test_accept_order_sets_status_preparing_and_accepted_at" time="0.000"><skipped type="pytest.skip" message="Requires direct MongoDB access - verified manually via curl">/app/backend/tests/test_admin_orders.py:146: Requires direct MongoDB access - verified manually via curl</skipped></testcase><testcase classname="tests.test_admin_orders.TestOrderWorkflow" name="test_reject_order_sets_status_rejected_and_reason" time="0.000"><skipped type="pytest.skip" message="Requires direct MongoDB access - verified manually via curl">/app/backend/tests/test_admin_orders.py:155: Requires direct MongoDB access - verified manually via curl</skipped></testcase><testcase classname="tests.test_admin_orders.TestOrderWorkflow" name="test_advance_delivery_order_flow" time="0.000"><skipped type="pytest.skip" message="Requires direct MongoDB access - verified manually via curl">/app/backend/tests/test_admin_orders.py:165: Requires direct MongoDB access - verified manually via curl</skipped></testcase><testcase classname="tests.test_admin_orders.TestOrderWorkflow" name="test_advance_pickup_order_flow" time="0.000"><skipped type="pytest.skip" message="Requires direct MongoDB access - verified manually via curl">/app/backend/tests/test_admin_orders.py:173: Requires direct MongoDB access - verified manually via curl</skipped></testcase><testcase classname="tests.test_admin_orders.TestOrderWorkflow" name="test_advance_dinein_order_flow" time="0.000"><skipped type="pytest.skip" message="Requires direct MongoDB access - verified manually via curl">/app/backend/tests/test_admin_orders.py:181: Requires direct MongoDB access - verified manually via curl</skipped></testcase><testcase classname="tests.test_admin_orders.TestOrderWorkflow" name="test_public_order_tracking_returns_full_order" time="0.000"><skipped type="pytest.skip" message="Requires direct MongoDB access - verified manually via curl">/app/backend/tests/test_admin_orders.py:189: Requires direct MongoDB access - verified manually via curl</skipped></testcase><testcase classname="tests.test_admin_orders.TestOrderWorkflow" name="test_new_orders_shows_paid_preparing_orders" time="0.000"><skipped type="pytest.skip" message="Requires direct MongoDB access - verified manually via curl">/app/backend/tests/test_admin_orders.py:198: Requires direct MongoDB access - verified manually via curl</skipped></testcase><testcase classname="tests.test_analytics_reports.TestAnalyticsSummary" name="test_summary_structure" time="0.370" /><testcase classname="tests.test_analytics_reports.TestAnalyticsSummary" name="test_unauthenticated_blocked" time="0.111" /><testcase classname="tests.test_analytics_reports.TestExport" name="test_export_csv[orders-order_number]" time="0.073" /><testcase classname="tests.test_analytics_reports.TestExport" name="test_export_csv[revenue-date]" time="0.070" /><testcase classname="tests.test_analytics_reports.TestExport" name="test_export_csv[items-item_name]" time="0.084" /><testcase classname="tests.test_analytics_reports.TestExport" name="test_export_invalid_type" time="0.069" /><testcase classname="tests.test_analytics_reports.TestExport" name="test_export_with_range" time="0.072" /><testcase classname="tests.test_analytics_reports.TestExport" name="test_export_unauthenticated" time="0.107" /><testcase classname="tests.test_analytics_reports.TestSchedules" name="test_full_lifecycle" time="0.502" /><testcase classname="tests.test_analytics_reports.TestSchedules" name="test_delete_unknown" time="0.070" /><testcase classname="tests.test_analytics_reports.TestSchedules" name="test_invalid_frequency_rejected" time="0.068" /><testcase classname="tests.test_analytics_reports.TestSchedules" name="test_invalid_type_rejected" time="0.067" /><testcase classname="tests.test_analytics_reports.TestSchedules" name="test_unauthenticated_blocked" time="0.111" /><testcase classname="tests.test_api.TestHealthAndRoot" name="test_health_check" time="0.105" /><testcase classname="tests.test_api.TestHealthAndRoot" name="test_root_endpoint" time="0.106" /><testcase classname="tests.test_api.TestMenuEndpoints" name="test_get_menu_items" time="0.115" /><testcase classname="tests.test_api.TestMenuEndpoints" name="test_get_menu_item_not_found" time="0.109"><failure message="assert 404 == 200&#10; +  where 404 = &lt;Response [404]&gt;.status_code">tests/test_api.py:50: in test_get_menu_item_not_found
    assert response.status_code == 200  # Skeleton returns 200 with error message
    ^^^^^^^^^^^^^^^^^^^^^^^^^^^^^^^^^^
E   assert 404 == 200
E    +  where 404 = &lt;Response [404]&gt;.status_code</failure></testcase><testcase classname="tests.test_api.TestMenuEndpoints" name="test_get_categories" time="0.108" /><testcase classname="tests.test_api.TestOrderEndpoints" name="test_get_orders" time="0.177" /><testcase classname="tests.test_api.TestOrderEndpoints" name="test_get_order_not_found" time="0.115"><failure message="assert 404 == 200&#10; +  where 404 = &lt;Response [404]&gt;.status_code">tests/test_api.py:82: in test_get_order_not_found
    assert response.status_code == 200  # Skeleton returns 200 with error message
    ^^^^^^^^^^^^^^^^^^^^^^^^^^^^^^^^^^
E   assert 404 == 200
E    +  where 404 = &lt;Response [404]&gt;.status_code</failure></testcase><testcase classname="tests.test_api.TestAdminEndpoints" name="test_admin_dashboard" time="0.105"><failure message="assert 401 == 200&#10; +  where 401 = &lt;Response [401]&gt;.status_code">tests/test_api.py:95: in test_admin_dashboard
    assert response.status_code == 200
E   assert 401 == 200
E    +  where 401 = &lt;Response [401]&gt;.status_code</failure></testcase><testcase classname="tests.test_api.TestAdminEndpoints" name="test_admin_queue" time="0.107"><failure message="assert 401 == 200&#10; +  where 401 = &lt;Response [401]&gt;.status_code">tests/test_api.py:108: in test_admin_queue
    assert response.status_code == 200
E   assert 401 == 200
E    +  where 401 = &lt;Response [401]&gt;.status_code</failure></testcase><testcase classname="tests.test_api.TestKitchenEndpoints" name="test_kitchen_orders" time="0.124" /><testcase classname="tests.test_auth.TestHealthAndRoot" name="test_health_check" time="0.105" /><testcase classname="tests.test_auth.TestHealthAndRoot" name="test_root_endpoint" time="0.072" /><testcase classname="tests.test_auth.TestUserRegistration" name="test_register_success" time="0.293" /><testcase classname="tests.test_auth.TestUserRegistration" name="test_register_empty_email_fails" time="0.047" /><testcase classname="tests.test_auth.TestUserRegistration" name="test_register_short_password_fails" time="0.070" /><testcase classname="tests.test_auth.TestUserRegistration" name="test_register_duplicate_email_fails" time="0.362" /><testcase classname="tests.test_auth.TestUserLogin" name="test_login_admin_success" time="0.294" /><testcase classname="tests.test_auth.TestUserLogin" name="test_login_wrong_password_fails" time="0.294" /><testcase classname="tests.test_auth.TestUserLogin" name="test_login_nonexistent_user_fails" time="0.071" /><testcase classname="tests.test_auth.TestAuthMe" name="test_me_authenticated" time="0.286" /><testcase classname="tests.test_auth.TestAuthMe" name="test_me_unauthenticated" time="0.107" /><testcase classname="tests.test_auth.TestLogout" name="test_logout_clears_session" time="0.321" /><testcase classname="tests.test_auth.TestForgotPassword" name="test_forgot_password_returns_success" time="0.028" /><testcase classname="tests.test_auth.TestForgotPassword" name="test_forgot_password_nonexistent_email" time="0.027" /><testcase classname="tests.test_auth.TestResetPassword" name="test_reset_password_invalid_token" time="0.028" /><testcase classname="tests.test_auth.TestResetPassword" name="test_reset_password_short_password" time="0.027" /><testcase classname="tests.test_auth.TestGuestSession" name="test_create_guest_session" time="0.030" /><testcase classname="tests.test_auth.TestBruteForceProtection" name="test_brute_force_mechanism_exists" time="1.217" /><testcase classname="tests.test_auth.TestTokenRefresh" name="test_refresh_without_token" time="0.112" /><testcase classname="tests.test_catalog_settings_search.TestCatalogSettingsPublic" name="test_public_get" time="0.447" /><testcase classname="tests.test_catalog_settings_search.TestCatalogSettingsAdmin" name="test_admin_get_requires_auth" time="0.107" /><testcase classname="tests.test_catalog_settings_search.TestCatalogSettingsAdmin" name="test_patch_requires_auth" time="0.110" /><testcase classname="tests.test_catalog_settings_search.TestCatalogSettingsAdmin" name="test_admin_get" time="0.078" /><testcase classname="tests.test_catalog_settings_search.TestCatalogSettingsAdmin" name="test_patch_partial_default_sort" time="0.250" /><testcase classname="tests.test_catalog_settings_search.TestCatalogSettingsAdmin" name="test_patch_invalid_sort_returns_400" time="0.075" /><testcase classname="tests.test_catalog_settings_search.TestCatalogSettingsAdmin" name="test_patch_filters_dietary_whitelist" time="0.074" /><testcase classname="tests.test_catalog_settings_search.TestCatalogSettingsAdmin" name="test_patch_quick_view_toggle" time="0.221" /><testcase classname="tests.test_catalog_settings_search.TestSearchMenu" name="test_basic_search" time="0.116" /><testcase classname="tests.test_catalog_settings_search.TestSearchMenu" name="test_search_text_query" time="0.115" /><testcase classname="tests.test_catalog_settings_search.TestSearchMenu" name="test_dietary_filter_single" time="0.111" /><testcase classname="tests.test_catalog_settings_search.TestSearchMenu" name="test_dietary_filter_multi_uses_all" time="0.129" /><testcase classname="tests.test_catalog_settings_search.TestSearchMenu" name="test_price_range" time="0.119" /><testcase classname="tests.test_catalog_settings_search.TestSearchMenu" name="test_in_stock_only" time="0.118" /><testcase classname="tests.test_catalog_settings_search.TestSearchMenu" name="test_sort_price_asc" time="0.112" /><testcase classname="tests.test_catalog_settings_search.TestSearchMenu" name="test_sort_price_desc" time="0.116" /><testcase classname="tests.test_catalog_settings_search.TestSearchMenu" name="test_sort_name_asc" time="0.106" /><testcase classname="tests.test_catalog_settings_search.TestSearchMenu" name="test_sort_invalid_falls_back" time="0.116" /><testcase classname="tests.test_catalog_settings_search.TestSearchMenu" name="test_limit_cap" time="0.115" /><testcase classname="tests.test_catalog_settings_search.TestSeedDietaryBackfill" name="test_items_001_010_have_dietary_tags" time="1.169" /><testcase classname="tests.test_categories.TestCategoryPublicEndpoints" name="test_get_categories_tree" time="0.137" /><testcase classname="tests.test_categories.TestCategoryPublicEndpoints" name="test_get_all_categories" time="0.111" /><testcase classname="tests.test_categories.TestCategoryPublicEndpoints" name="test_get_category_by_slug_drinks" time="0.113" /><testcase classname="tests.test_categories.TestCategoryPublicEndpoints" name="test_get_category_by_slug_mains" time="0.111" /><testcase classname="tests.test_categories.TestCategoryPublicEndpoints" name="test_get_category_not_found" time="0.114" /><testcase classname="tests.test_categories.TestCategoryAdminEndpoints" name="test_create_category_top_level" time="0.472" /><testcase classname="tests.test_categories.TestCategoryAdminEndpoints" name="test_create_subcategory" time="0.504" /><testcase classname="tests.test_categories.TestCategoryAdminEndpoints" name="test_update_category" time="0.555" /><testcase classname="tests.test_categories.TestCategoryAdminEndpoints" name="test_toggle_category_visibility" time="0.711" /><testcase classname="tests.test_categories.TestCategoryAdminEndpoints" name="test_delete_category" time="0.582" /><testcase classname="tests.test_categories.TestCategoryAdminEndpoints" name="test_delete_category_with_subcategories" time="0.678" /><testcase classname="tests.test_categories.TestCategoryAdminEndpoints" name="test_reorder_categories" time="0.466" /><testcase classname="tests.test_categories.TestCategoryAuthProtection" name="test_create_category_requires_auth" time="0.112" /><testcase classname="tests.test_categories.TestCategoryAuthProtection" name="test_update_category_requires_auth" time="0.121" /><testcase classname="tests.test_categories.TestCategoryAuthProtection" name="test_delete_category_requires_auth" time="0.116" /><testcase classname="tests.test_categories.TestCategoryAuthProtection" name="test_toggle_category_requires_auth" time="0.130" /><testcase classname="tests.test_categories.TestCategoryAuthProtection" name="test_reorder_categories_requires_auth" time="0.115" /><testcase classname="tests.test_categories.TestCategoryNonAdminAccess" name="test_create_category_requires_admin_role" time="0.403" /><testcase classname="tests.test_categories.TestCategoryNonAdminAccess" name="test_toggle_category_requires_admin_role" time="0.411" /><testcase classname="tests.test_checkout_orders.TestPromoCodeValidation" name="test_valid_promo_save10" time="0.109" /><testcase classname="tests.test_checkout_orders.TestPromoCodeValidation" name="test_invalid_promo_code" time="0.127" /><testcase classname="tests.test_checkout_orders.TestPromoCodeValidation" name="test_welcome5_promo_min_subtotal" time="0.261"><failure message="AssertionError: assert 'fixed' == 'flat'&#10;  &#10;  - flat&#10;  + fixed">tests/test_checkout_orders.py:65: in test_welcome5_promo_min_subtotal
    assert data["rule"]["type"] == "flat"
E   AssertionError: assert 'fixed' == 'flat'
E     
E     - flat
E     + fixed</failure></testcase><testcase classname="tests.test_checkout_orders.TestPromoCodeValidation" name="test_freeship_promo" time="0.109" /><testcase classname="tests.test_checkout_orders.TestOrderCreation" name="test_create_order_pickup_success" time="0.659" /><testcase classname="tests.test_checkout_orders.TestOrderCreation" name="test_create_order_delivery_missing_address" time="0.183" /><testcase classname="tests.test_checkout_orders.TestOrderCreation" name="test_create_order_dine_in_missing_table" time="0.116" /><testcase classname="tests.test_checkout_orders.TestOrderCreation" name="test_create_order_invalid_item_id" time="0.110" /><testcase classname="tests.test_checkout_orders.TestOrderCreation" name="test_create_order_delivery_with_address" time="0.507" /><testcase classname="tests.test_checkout_orders.TestOrderCreation" name="test_create_order_dine_in_with_table" time="0.521" /><testcase classname="tests.test_checkout_orders.TestOrderRetrieval" name="test_get_order_by_id" time="0.616" /><testcase classname="tests.test_checkout_orders.TestOrderRetrieval" name="test_get_order_not_found" time="0.115" /><testcase classname="tests.test_checkout_orders.TestPaymentStatus" name="test_payment_status_for_created_order" time="0.827"><failure message="AssertionError: assert 'paid' in ['unpaid', 'initiated', 'pending']">tests/test_checkout_orders.py:312: in test_payment_status_for_created_order
    assert status["payment_status"] in ["unpaid", "initiated", "pending"]
E   AssertionError: assert 'paid' in ['unpaid', 'initiated', 'pending']</failure></testcase><testcase classname="tests.test_checkout_orders.TestPricingMath" name="test_tax_calculation" time="0.619" /><testcase classname="tests.test_checkout_orders.TestPricingMath" name="test_delivery_fee_only_for_delivery" time="1.270" /><testcase classname="tests.test_checkout_orders.TestPricingMath" name="test_save10_discount_calculation" time="0.712" /><testcase classname="tests.test_checkout_orders.TestPricingMath" name="test_freeship_makes_delivery_free" time="0.738" /><testcase classname="tests.test_checkout_orders.TestPricingMath" name="test_backend_uses_db_prices_not_frontend" time="0.701" /><testcase classname="tests.test_checkout_orders.TestOrderPersistence" name="test_order_persisted_with_correct_status" time="0.587" /><testcase classname="tests.test_coupons.TestPromoValidation" name="test_save10_valid" time="0.110" /><testcase classname="tests.test_coupons.TestPromoValidation" name="test_save10_case_insensitive" time="0.117" /><testcase classname="tests.test_coupons.TestPromoValidation" name="test_expired10_invalid" time="0.118" /><testcase classname="tests.test_coupons.TestPromoValidation" name="test_freeship_pickup_invalid" time="0.107" /><testcase classname="tests.test_coupons.TestPromoValidation" name="test_freeship_delivery_valid" time="0.111" /><testcase classname="tests.test_coupons.TestPromoValidation" name="test_welcome5_below_minimum" time="0.111" /><testcase classname="tests.test_coupons.TestPromoValidation" name="test_welcome5_first_order_only" time="0.108" /><testcase classname="tests.test_coupons.TestPromoValidation" name="test_invalid_code" time="0.107" /><testcase classname="tests.test_coupons.TestAdminCouponsAuth" name="test_get_coupons_without_auth" time="0.105" /><testcase classname="tests.test_coupons.TestAdminCouponsCRUD" name="test_list_coupons_returns_seeded" time="0.371" /><testcase classname="tests.test_coupons.TestAdminCouponsCRUD" name="test_create_coupon" time="0.445" /><testcase classname="tests.test_coupons.TestAdminCouponsCRUD" name="test_create_duplicate_coupon_fails" time="0.552" /><testcase classname="tests.test_coupons.TestAdminCouponsCRUD" name="test_create_bogo_type_fails" time="0.358" /><testcase classname="tests.test_coupons.TestAdminCouponsCRUD" name="test_update_coupon" time="0.555" /><testcase classname="tests.test_coupons.TestAdminCouponsCRUD" name="test_toggle_coupon" time="36.396" /><testcase classname="tests.test_coupons.TestAdminCouponsCRUD" name="test_delete_coupon" time="0.649" /><testcase classname="tests.test_coupons.TestAdminCouponsCRUD" name="test_delete_nonexistent_coupon" time="0.403" /><testcase classname="tests.test_coupons.TestSeededCouponsExist" name="test_seeded_coupons_properties" time="0.375" /><testcase classname="tests.test_daily_summary.TestAuthGuard" name="test_daily_summary_unauth" time="0.440" /><testcase classname="tests.test_daily_summary.TestAuthGuard" name="test_history_unauth" time="0.121" /><testcase classname="tests.test_daily_summary.TestAuthGuard" name="test_delivery_settings_unauth" time="0.114" /><testcase classname="tests.test_daily_summary.TestAuthGuard" name="test_generate_unauth" time="0.120" /><testcase classname="tests.test_daily_summary.TestLiveSummary" name="test_summary_today" time="0.073" /><testcase classname="tests.test_daily_summary.TestLiveSummary" name="test_summary_specific_date" time="0.071" /><testcase classname="tests.test_daily_summary.TestSnapshots" name="test_generate_without_email" time="0.074" /><testcase classname="tests.test_daily_summary.TestSnapshots" name="test_generate_with_email_no_recipients" time="0.155" /><testcase classname="tests.test_daily_summary.TestSnapshots" name="test_generate_with_email_recipients" time="0.142" /><testcase classname="tests.test_daily_summary.TestSnapshots" name="test_history_sorted_and_filtered" time="0.058" /><testcase classname="tests.test_daily_summary.TestSnapshots" name="test_get_snapshot_and_404" time="0.145" /><testcase classname="tests.test_daily_summary.TestSnapshots" name="test_delete_snapshot_and_404" time="0.139" /><testcase classname="tests.test_daily_summary.TestDeliverySettings" name="test_get_defaults" time="0.139" /><testcase classname="tests.test_daily_summary.TestDeliverySettings" name="test_patch_lowercases_emails" time="0.072" /><testcase classname="tests.test_daily_summary.TestDeliverySettings" name="test_patch_invalid_send_at" time="0.069" /><testcase classname="tests.test_daily_summary.TestDeliverySettings" name="test_patch_valid_send_at_and_format" time="0.072" /><testcase classname="tests.test_daily_summary.TestDeliverySettings" name="test_delivery_settings_not_caught_by_sid_route" time="0.282" /><testcase classname="tests.test_eightysix.TestAuthGuard" name="test_log_requires_admin" time="0.446" /><testcase classname="tests.test_eightysix.TestAuthGuard" name="test_toggle_requires_admin" time="0.108" /><testcase classname="tests.test_eightysix.TestAuthGuard" name="test_settings_requires_admin" time="0.032" /><testcase classname="tests.test_eightysix.TestSettings" name="test_get_settings_default" time="0.076" /><testcase classname="tests.test_eightysix.TestSettings" name="test_patch_settings_toggles" time="0.069" /><testcase classname="tests.test_eightysix.TestSettings" name="test_patch_empty_body_400" time="0.037" /><testcase classname="tests.test_eightysix.TestToggleItem" name="test_toggle_flip_to_sold_out" time="0.107" /><testcase classname="tests.test_eightysix.TestToggleItem" name="test_toggle_explicit_in_stock_restores" time="0.034" /><testcase classname="tests.test_eightysix.TestToggleItem" name="test_toggle_invalid_status" time="0.036" /><testcase classname="tests.test_eightysix.TestToggleItem" name="test_toggle_unknown_item" time="0.034" /><testcase classname="tests.test_eightysix.TestBatch" name="test_batch_by_ids_sold_out" time="0.101" /><testcase classname="tests.test_eightysix.TestBatch" name="test_batch_restore_by_ids" time="0.099" /><testcase classname="tests.test_eightysix.TestBatch" name="test_batch_by_category" time="0.076" /><testcase classname="tests.test_eightysix.TestBatch" name="test_batch_invalid_status" time="0.031" /><testcase classname="tests.test_eightysix.TestBatch" name="test_batch_empty_match" time="0.032" /><testcase classname="tests.test_eightysix.TestLog" name="test_log_contains_recent_entries" time="0.103" /><testcase classname="tests.test_eightysix.TestLog" name="test_log_filter_by_item" time="0.037" /><testcase classname="tests.test_eightysix.TestMenuRegression" name="test_menu_items_unchanged_shape" time="0.032" /><testcase classname="tests.test_eightysix.TestMenuRegression" name="test_sold_out_item_renders_in_menu" time="0.106" /><testcase classname="tests.test_eightysix.TestAutoRestore" name="test_auto_restore_fires_on_open_when_fresh_day" time="0.348" /><testcase classname="tests.test_fees_config.TestAuthGuards" name="test_list_regions_requires_admin" time="0.524" /><testcase classname="tests.test_fees_config.TestAuthGuards" name="test_create_region_requires_admin" time="0.108" /><testcase classname="tests.test_fees_config.TestAuthGuards" name="test_patch_region_requires_admin" time="0.111" /><testcase classname="tests.test_fees_config.TestAuthGuards" name="test_delete_region_requires_admin" time="0.119" /><testcase classname="tests.test_fees_config.TestAuthGuards" name="test_tax_report_requires_admin" time="0.117" /><testcase classname="tests.test_fees_config.TestRegionSeed" name="test_default_region_seed_and_id" time="0.076" /><testcase classname="tests.test_fees_config.TestRegionSeed" name="test_public_default_region" time="0.149" /><testcase classname="tests.test_fees_config.TestRegionCRUD" name="test_create_region" time="0.029" /><testcase classname="tests.test_fees_config.TestRegionCRUD" name="test_patch_region_deep_merge" time="0.074" /><testcase classname="tests.test_fees_config.TestRegionCRUD" name="test_promote_default_demotes_others" time="0.217" /><testcase classname="tests.test_fees_config.TestRegionCRUD" name="test_cannot_delete_default" time="0.069" /><testcase classname="tests.test_fees_config.TestRegionCRUD" name="test_delete_non_default" time="0.150" /><testcase classname="tests.test_fees_config.TestPricingQuote" name="test_basic_quote_uses_default_rate" time="0.114" /><testcase classname="tests.test_fees_config.TestPricingQuote" name="test_quote_with_item_and_category_overrides" time="0.257" /><testcase classname="tests.test_fees_config.TestPricingQuote" name="test_quote_inclusive_tax_extracted" time="0.261" /><testcase classname="tests.test_fees_config.TestPricingQuote" name="test_quote_tiered_delivery_match" time="0.495" /><testcase classname="tests.test_fees_config.TestPricingQuote" name="test_quote_delivery_blocked_below_min_order" time="0.255" /><testcase classname="tests.test_fees_config.TestPricingQuote" name="test_quote_service_charge_percent_and_packaging_flat" time="0.210" /><testcase classname="tests.test_fees_config.TestTaxReport" name="test_tax_report_csv_headers" time="0.072" /><testcase classname="tests.test_fees_config.TestDeepMergeReplaceKeys" name="test_patch_can_clear_category_overrides" time="0.217" /><testcase classname="tests.test_fees_config.TestDeepMergeReplaceKeys" name="test_patch_can_clear_item_overrides" time="0.142" /><testcase classname="tests.test_fees_config.TestDeepMergeReplaceKeys" name="test_patch_individual_override_still_works" time="0.217" /><testcase classname="tests.test_fees_config.TestDeepMergeReplaceKeys" name="test_patch_tiers_list_replace_still_works" time="0.141" /><testcase classname="tests.test_fees_config.TestQuoteRegionOverride" name="test_override_tax_rate_not_persisted" time="0.114" /><testcase classname="tests.test_fees_config.TestQuoteRegionOverride" name="test_override_service_charge_enabled" time="0.113" /><testcase classname="tests.test_fees_config.TestQuoteRegionOverride" name="test_override_tax_inclusive_flip" time="0.222" /><testcase classname="tests.test_fees_config.TestQuoteRegionOverride" name="test_override_does_not_persist" time="0.261" /><testcase classname="tests.test_fees_config.TestCreateRegionDeepCopy" name="test_mutating_new_region_does_not_affect_default" time="0.176" /><testcase classname="tests.test_fees_config.TestTaxReportInclusive" name="test_inclusive_tax_taxable_base_is_net" time="0.585" /><testcase classname="tests.test_guest_conversion.TestCheckEmail" name="test_check_existing_admin_email" time="0.192" /><testcase classname="tests.test_guest_conversion.TestCheckEmail" name="test_check_fresh_email" time="0.081" /><testcase classname="tests.test_guest_conversion.TestClaimOrders" name="test_claim_order_not_found" time="0.079" /><testcase classname="tests.test_guest_conversion.TestClaimOrders" name="test_claim_email_mismatch" time="0.078" /><testcase classname="tests.test_guest_conversion.TestClaimOrders" name="test_claim_short_password" time="0.033" /><testcase classname="tests.test_guest_conversion.TestClaimOrders" name="test_claim_happy_path_multi_order" time="0.864" /><testcase classname="tests.test_hours_phase10.TestStoreStatusExtended" name="test_status_has_new_fields" time="0.115" /><testcase classname="tests.test_hours_phase10.TestPauseWithBody" name="test_pause_explicit_with_reason_and_eta" time="0.539" /><testcase classname="tests.test_hours_phase10.TestPauseWithBody" name="test_unpause_clears_fields" time="0.071" /><testcase classname="tests.test_hours_phase10.TestPauseWithBody" name="test_pause_toggle_when_omitted" time="0.224" /><testcase classname="tests.test_hours_phase10.TestSpecialHours" name="test_special_hours_crud_lifecycle" time="0.444" /><testcase classname="tests.test_hours_phase10.TestSpecialHours" name="test_special_today_used_in_status" time="0.315" /><testcase classname="tests.test_hours_phase10.TestAdvanceOrders" name="test_get_advance_orders" time="0.072" /><testcase classname="tests.test_hours_phase10.TestAdvanceOrders" name="test_patch_partial_and_clamp" time="0.296" /><testcase classname="tests.test_hours_phase10.TestAdvanceOrders" name="test_patch_empty_rejects" time="0.072" /><testcase classname="tests.test_hours_phase10.TestHolidayMessage" name="test_create_holiday_with_message_and_visible_in_status" time="0.367" /><testcase classname="tests.test_hours_phase10.TestOverview" name="test_overview_structure" time="0.033" /><testcase classname="tests.test_hours_phase10.TestOverview" name="test_overview_conflict_when_delivery_overnight" time="0.132" /><testcase classname="tests.test_hours_phase10.TestAuthGuards" name="test_requires_admin[get-/api/admin/store/special-hours-None]" time="0.114" /><testcase classname="tests.test_hours_phase10.TestAuthGuards" name="test_requires_admin[post-/api/admin/store/special-hours-body1]" time="0.121" /><testcase classname="tests.test_hours_phase10.TestAuthGuards" name="test_requires_admin[delete-/api/admin/store/special-hours/sp_x-None]" time="0.120" /><testcase classname="tests.test_hours_phase10.TestAuthGuards" name="test_requires_admin[get-/api/admin/store/advance-orders-None]" time="0.118" /><testcase classname="tests.test_hours_phase10.TestAuthGuards" name="test_requires_admin[patch-/api/admin/store/advance-orders-body4]" time="0.119" /><testcase classname="tests.test_hours_phase10.TestAuthGuards" name="test_requires_admin[get-/api/admin/store/overview-None]" time="0.478" /><testcase classname="tests.test_kds.TestKDSSettingsAuth" name="test_get_settings_without_auth_returns_401" time="0.193" /><testcase classname="tests.test_kds.TestKDSSettingsAuth" name="test_put_settings_without_auth_returns_401" time="0.113" /><testcase classname="tests.test_kds.TestKDSSettingsAdmin" name="test_get_settings_returns_defaults_on_first_call" time="0.409" /><testcase classname="tests.test_kds.TestKDSSettingsAdmin" name="test_put_settings_invalid_columns_returns_400" time="0.405" /><testcase classname="tests.test_kds.TestKDSSettingsAdmin" name="test_put_settings_invalid_columns_1_returns_400" time="0.406" /><testcase classname="tests.test_kds.TestKDSSettingsAdmin" name="test_put_settings_valid_columns_and_audio" time="0.494" /><testcase classname="tests.test_kds.TestKDSSettingsAdmin" name="test_put_settings_add_category_to_prep_times" time="0.481" /><testcase classname="tests.test_kds.TestKDSSettingsAdmin" name="test_put_settings_remove_category_from_prep_times" time="0.476" /><testcase classname="tests.test_kds.TestKDSSettingsAdmin" name="test_put_settings_add_station_to_routing" time="0.478" /><testcase classname="tests.test_kds.TestKDSSettingsAdmin" name="test_put_settings_remove_station_from_routing" time="0.493" /><testcase classname="tests.test_kds.TestKDSSettingsAdmin" name="test_put_settings_restore_defaults" time="0.414" /><testcase classname="tests.test_kds.TestKDSBoardAuth" name="test_get_board_without_auth_returns_401" time="0.111" /><testcase classname="tests.test_kds.TestKDSBoard" name="test_get_board_returns_structure" time="0.367" /><testcase classname="tests.test_kds.TestKDSBoard" name="test_get_board_with_station_filter" time="0.372" /><testcase classname="tests.test_kds.TestKDSItemStatus" name="test_patch_item_status_without_auth_returns_401" time="1.650" /><testcase classname="tests.test_kds.TestKDSItemStatus" name="test_patch_item_status_invalid_status_returns_400" time="0.381" /><testcase classname="tests.test_kds.TestKDSItemStatus" name="test_patch_item_status_nonexistent_order_returns_404" time="0.395" /><testcase classname="tests.test_kds.TestKDSBump" name="test_bump_without_auth_returns_401" time="0.453" /><testcase classname="tests.test_kds.TestKDSBump" name="test_bump_nonexistent_order_returns_404" time="0.402" /><testcase classname="tests.test_kds.TestKDSIntegration" name="test_create_test_order_and_verify_on_board" time="1.491" /><testcase classname="tests.test_kds.TestKDSIntegration" name="test_delivery_order_bump_sets_out_for_delivery" time="1.021" /><testcase classname="tests.test_kds.TestKDSIntegration" name="test_station_filter_returns_only_matching_items" time="1.125" /><testcase classname="tests.test_kds.TestKDSItemStatusValidation" name="test_invalid_line_index_returns_400" time="1.096" /><testcase classname="tests.test_live_queue.TestLiveQueue" name="test_unauth_live_queue" time="0.163" /><testcase classname="tests.test_live_queue.TestLiveQueue" name="test_live_queue_shape" time="0.451" /><testcase classname="tests.test_live_queue.TestLiveQueue" name="test_live_queue_includes_active_statuses" time="0.034" /><testcase classname="tests.test_live_queue.TestBatchAccept" name="test_unauth_batch_accept" time="0.028" /><testcase classname="tests.test_live_queue.TestBatchAccept" name="test_batch_accept_empty_rejected" time="0.073" /><testcase classname="tests.test_live_queue.TestBatchAccept" name="test_batch_accept_accepts_and_skips" time="0.083" /><testcase classname="tests.test_live_queue.TestBatchAccept" name="test_batch_route_does_not_collide" time="0.032" /><testcase classname="tests.test_live_queue.TestAdminOrdersRegression" name="test_admin_new_orders_auth" time="0.035" /><testcase classname="tests.test_live_queue.TestAdminOrdersRegression" name="test_accept_reject_advance_flow" time="0.175" /><testcase classname="tests.test_live_queue.TestAdminOrdersRegression" name="test_reject_flow" time="0.031" /><testcase classname="tests.test_live_queue.TestAdminOrdersRegression" name="test_accept_nonexistent_404" time="0.085" /><testcase classname="tests.test_menu_catalog.TestMenuItemsPublic" name="test_get_all_menu_items" time="0.005" /><testcase classname="tests.test_menu_catalog.TestMenuItemsPublic" name="test_get_menu_items_by_category_starters" time="0.002" /><testcase classname="tests.test_menu_catalog.TestMenuItemsPublic" name="test_get_menu_items_by_category_mains" time="0.002" /><testcase classname="tests.test_menu_catalog.TestMenuItemsPublic" name="test_get_menu_items_by_category_drinks" time="0.002" /><testcase classname="tests.test_menu_catalog.TestMenuItemsPublic" name="test_get_menu_items_by_category_desserts" time="0.002" /><testcase classname="tests.test_menu_catalog.TestMenuItemsPublic" name="test_get_single_menu_item" time="0.002" /><testcase classname="tests.test_menu_catalog.TestMenuItemsPublic" name="test_get_sold_out_item" time="0.002"><failure message="AssertionError: Expected sold_out, got in_stock&#10;assert 'in_stock' == 'sold_out'&#10;  &#10;  - sold_out&#10;  + in_stock">tests/test_menu_catalog.py:94: in test_get_sold_out_item
    assert item["status"] == "sold_out", f"Expected sold_out, got {item['status']}"
E   AssertionError: Expected sold_out, got in_stock
E   assert 'in_stock' == 'sold_out'
E     
E     - sold_out
E     + in_stock</failure></testcase><testcase classname="tests.test_menu_catalog.TestMenuItemsPublic" name="test_get_seasonal_item" time="0.002"><failure message="AssertionError: Expected seasonal, got in_stock&#10;assert 'in_stock' == 'seasonal'&#10;  &#10;  - seasonal&#10;  + in_stock">tests/test_menu_catalog.py:105: in test_get_seasonal_item
    assert item["status"] == "seasonal", f"Expected seasonal, got {item['status']}"
E   AssertionError: Expected seasonal, got in_stock
E   assert 'in_stock' == 'seasonal'
E     
E     - seasonal
E     + in_stock</failure></testcase><testcase classname="tests.test_menu_catalog.TestMenuItemsPublic" name="test_get_nonexistent_item_returns_404" time="0.002" /><testcase classname="tests.test_menu_catalog.TestMenuItemsPublic" name="test_get_categories" time="0.002" /><testcase classname="tests.test_menu_catalog.TestAdminAuth" name="test_admin_login_success" time="0.225" /><testcase classname="tests.test_menu_catalog.TestAdminAuth" name="test_admin_me_endpoint" time="0.228" /><testcase classname="tests.test_menu_catalog.TestAdminMenuCRUD" name="test_create_menu_item_requires_auth" time="0.006" /><testcase classname="tests.test_menu_catalog.TestAdminMenuCRUD" name="test_create_menu_item_success" time="0.233" /><testcase classname="tests.test_menu_catalog.TestAdminMenuCRUD" name="test_update_menu_item" time="0.236" /><testcase classname="tests.test_menu_catalog.TestAdminMenuCRUD" name="test_delete_menu_item" time="0.233" /><testcase classname="tests.test_menu_catalog.TestAdminMenuCRUD" name="test_toggle_item_availability" time="0.234" /><testcase classname="tests.test_menu_catalog.TestAdminMenuCRUD" name="test_toggle_requires_admin" time="0.001" /><testcase classname="tests.test_menu_catalog.TestAdminMenuCRUD" name="test_delete_requires_admin" time="0.001" /><testcase classname="tests.test_menu_catalog.TestAdminDashboard" name="test_admin_dashboard_requires_auth" time="0.001" /><testcase classname="tests.test_menu_catalog.TestAdminDashboard" name="test_admin_dashboard_with_auth" time="0.228" /><testcase classname="tests.test_modifiers.TestModifierEndpoints" name="test_get_all_modifiers" time="0.192" /><testcase classname="tests.test_modifiers.TestModifierEndpoints" name="test_modifier_group_structure" time="0.112" /><testcase classname="tests.test_modifiers.TestModifierEndpoints" name="test_get_item_modifiers_item_001" time="0.113" /><testcase classname="tests.test_modifiers.TestModifierEndpoints" name="test_get_item_modifiers_item_008" time="0.127" /><testcase classname="tests.test_modifiers.TestModifierEndpoints" name="test_addons_group_structure" time="0.124" /><testcase classname="tests.test_modifiers.TestModifierEndpoints" name="test_temperature_group_structure" time="0.110" /><testcase classname="tests.test_modifiers.TestAdminModifierEndpoints" name="test_create_modifier_group" time="0.538" /><testcase classname="tests.test_modifiers.TestAdminModifierEndpoints" name="test_update_modifier_group" time="0.644" /><testcase classname="tests.test_modifiers.TestAdminModifierEndpoints" name="test_delete_modifier_group" time="0.624" /><testcase classname="tests.test_modifiers.TestAdminModifierEndpoints" name="test_admin_endpoints_require_auth" time="0.625" /><testcase classname="tests.test_modifiers.TestAdminModifierEndpoints" name="test_delete_nonexistent_modifier_returns_404" time="0.494" /><testcase classname="tests.test_modifiers.TestMenuItemWithModifiers" name="test_get_menu_item_details" time="0.116" /><testcase classname="tests.test_modifiers.TestMenuItemWithModifiers" name="test_item_modifiers_match_category" time="0.379" /><testcase classname="tests.test_order_history_reorder.TestFavoriteToggleAuth" name="test_favorite_without_auth_returns_401" time="0.111" /><testcase classname="tests.test_order_history_reorder.TestFavoriteToggleAuth" name="test_favorite_nonexistent_order_returns_404" time="0.408" /><testcase classname="tests.test_order_history_reorder.TestOrdersListEndpoint" name="test_orders_without_auth_no_email_returns_empty" time="0.120" /><testcase classname="tests.test_order_history_reorder.TestOrdersListEndpoint" name="test_orders_with_email_param_returns_matching" time="0.109" /><testcase classname="tests.test_order_history_reorder.TestOrdersListEndpoint" name="test_orders_authenticated_returns_user_orders" time="0.365" /><testcase classname="tests.test_order_history_reorder.TestFavoriteToggleFunctionality" name="test_favorite_toggle_flips_starred_boolean" time="0.576" /><testcase classname="tests.test_order_history_reorder.TestFavoriteToggleAuthorization" name="test_non_owner_cannot_favorite_others_order" time="0.730" /><testcase classname="tests.test_order_history_reorder.TestMenuItemsForReorder" name="test_menu_items_returns_items_with_status" time="0.152" /><testcase classname="tests.test_payment_methods.TestPaymentMethodsGuest" name="test_get_payment_methods_guest_returns_empty" time="0.109" /><testcase classname="tests.test_payment_methods.TestPaymentMethodsGuest" name="test_post_payment_method_guest_returns_401" time="0.111" /><testcase classname="tests.test_payment_methods.TestPaymentMethodsAuthenticated" name="test_crud_payment_method" time="0.692" /><testcase classname="tests.test_payment_methods.TestPaymentMethodsAuthenticated" name="test_duplicate_payment_method_returns_existing" time="0.520" /><testcase classname="tests.test_payment_methods.TestPaymentMethodsAuthenticated" name="test_last4_truncation" time="0.473" /><testcase classname="tests.test_payment_methods.TestPaymentMethodsAuthenticated" name="test_last4_invalid_returns_400" time="0.504" /><testcase classname="tests.test_payment_methods.TestPaymentMethodsAuthenticated" name="test_delete_nonexistent_returns_404" time="0.472" /><testcase classname="tests.test_payment_methods.TestPaymentMethodAutoSave" name="test_auto_save_card_on_paid_order" time="0.503" /><testcase classname="tests.test_printers.TestPrinterAuth" name="test_list_requires_admin" time="0.115" /><testcase classname="tests.test_printers.TestPrinterAuth" name="test_create_requires_admin" time="0.107" /><testcase classname="tests.test_printers.TestPrinterAuth" name="test_print_settings_get_requires_admin" time="0.141" /><testcase classname="tests.test_printers.TestPrinterAuth" name="test_print_jobs_requires_admin" time="0.111" /><testcase classname="tests.test_printers.TestPrinterCRUD" name="test_list_printers_structure" time="0.426" /><testcase classname="tests.test_printers.TestPrinterCRUD" name="test_create_printer_persists" time="0.106" /><testcase classname="tests.test_printers.TestPrinterCRUD" name="test_patch_printer_updates" time="0.145" /><testcase classname="tests.test_printers.TestPrinterCRUD" name="test_delete_printer" time="0.170" /><testcase classname="tests.test_printers.TestPrinterCRUD" name="test_delete_nonexistent_404" time="0.070" /><testcase classname="tests.test_printers.TestPrinterTestPrint" name="test_offline_printer_returns_400" time="0.143" /><testcase classname="tests.test_printers.TestPrinterTestPrint" name="test_online_printer_returns_200_and_updates_last_test_at" time="0.227" /><testcase classname="tests.test_printers.TestPrinterTestPrint" name="test_test_print_nonexistent_404" time="0.072" /><testcase classname="tests.test_printers.TestPrintSettings" name="test_get_returns_defaults_or_existing" time="0.138" /><testcase classname="tests.test_printers.TestPrintSettings" name="test_patch_invalid_auto_trigger_rejected" time="0.068" /><testcase classname="tests.test_printers.TestPrintSettings" name="test_patch_valid_auto_trigger_and_receipt" time="0.141" /><testcase classname="tests.test_printers.TestPrintOrderTicket" name="test_print_kitchen_returns_job_and_ticket" time="0.135" /><testcase classname="tests.test_printers.TestPrintOrderTicket" name="test_print_receipt_returns_job_and_ticket" time="0.029" /><testcase classname="tests.test_printers.TestPrintOrderTicket" name="test_invalid_ticket_type_rejected" time="0.070" /><testcase classname="tests.test_printers.TestPrintOrderTicket" name="test_print_nonexistent_order_404" time="0.073" /><testcase classname="tests.test_printers.TestPrintJobs" name="test_list_jobs_descending_and_filter" time="0.117" /><testcase classname="tests.test_printers.TestPublicReceipt" name="test_public_receipt_no_auth" time="0.157" /><testcase classname="tests.test_printers.TestPublicReceipt" name="test_public_receipt_404" time="0.117" /><testcase classname="tests.test_printers.TestAutoQueueOnAcceptance" name="test_accept_queues_jobs_when_on_acceptance" time="1.055" /><testcase classname="tests.test_refactor_search_analytics.TestAuth" name="test_login_admin" time="0.343" /><testcase classname="tests.test_refactor_search_analytics.TestAuth" name="test_me_with_cookie" time="0.401" /><testcase classname="tests.test_refactor_search_analytics.TestCatalog" name="test_menu_items" time="0.112" /><testcase classname="tests.test_refactor_search_analytics.TestCatalog" name="test_categories_tree" time="0.030" /><testcase classname="tests.test_refactor_search_analytics.TestCatalog" name="test_store_status" time="0.072" /><testcase classname="tests.test_refactor_search_analytics.TestOrders" name="test_validate_promo_save10" time="0.098" /><testcase classname="tests.test_refactor_search_analytics.TestOrders" name="test_create_and_fetch_order" time="0.597" /><testcase classname="tests.test_refactor_search_analytics.TestAdmin" name="test_dashboard" time="0.031" /><testcase classname="tests.test_refactor_search_analytics.TestAdmin" name="test_queue" time="0.036" /><testcase classname="tests.test_refactor_search_analytics.TestAdmin" name="test_orders_new" time="0.074" /><testcase classname="tests.test_refactor_search_analytics.TestAdmin" name="test_kds_settings" time="0.071" /><testcase classname="tests.test_refactor_search_analytics.TestAdmin" name="test_kds_board" time="0.030" /><testcase classname="tests.test_refactor_search_analytics.TestAdmin" name="test_printers_list" time="0.073" /><testcase classname="tests.test_refactor_search_analytics.TestAdmin" name="test_print_settings" time="0.073" /><testcase classname="tests.test_refactor_search_analytics.TestAdmin" name="test_print_jobs" time="0.032" /><testcase classname="tests.test_refactor_search_analytics.TestAdmin" name="test_coupons_list" time="0.070" /><testcase classname="tests.test_refactor_search_analytics.TestSearch" name="test_public_menu_search_basic" time="0.034" /><testcase classname="tests.test_refactor_search_analytics.TestSearch" name="test_public_menu_search_empty_q" time="0.029" /><testcase classname="tests.test_refactor_search_analytics.TestSearch" name="test_public_menu_search_regex_escape" time="0.071" /><testcase classname="tests.test_refactor_search_analytics.TestSearch" name="test_public_menu_search_category_filter" time="0.028" /><testcase classname="tests.test_refactor_search_analytics.TestSearch" name="test_admin_search_orders_requires_auth" time="0.170" /><testcase classname="tests.test_refactor_search_analytics.TestSearch" name="test_admin_search_orders_works" time="0.035" /><testcase classname="tests.test_refactor_search_analytics.TestSearch" name="test_admin_search_orders_empty" time="0.069" /><testcase classname="tests.test_refactor_search_analytics.TestSearch" name="test_admin_search_catalog_requires_auth" time="0.112" /><testcase classname="tests.test_refactor_search_analytics.TestSearch" name="test_admin_search_catalog_works" time="0.029" /><testcase classname="tests.test_refactor_search_analytics.TestSearch" name="test_admin_search_catalog_empty" time="0.068" /><testcase classname="tests.test_refactor_search_analytics.TestAnalytics" name="test_requires_auth" time="0.121" /><testcase classname="tests.test_refactor_search_analytics.TestAnalytics" name="test_all_ranges[day]" time="0.034" /><testcase classname="tests.test_refactor_search_analytics.TestAnalytics" name="test_all_ranges[week]" time="0.031" /><testcase classname="tests.test_refactor_search_analytics.TestAnalytics" name="test_all_ranges[month]" time="0.030" /><testcase classname="tests.test_refactor_search_analytics.TestAnalytics" name="test_all_ranges[quarter]" time="0.031" /><testcase classname="tests.test_refactor_search_analytics.TestAnalytics" name="test_all_ranges[year]" time="0.036" /><testcase classname="tests.test_seo" name="test_admin_requires_auth[/api/admin/seo/settings]" time="0.449" /><testcase classname="tests.test_seo" name="test_admin_requires_auth[/api/admin/seo/pages/home]" time="0.117" /><testcase classname="tests.test_seo" name="test_admin_requires_auth[/api/admin/seo/redirects]" time="0.123" /><testcase classname="tests.test_seo" name="test_admin_requires_auth[/api/admin/seo/health]" time="0.150" /><testcase classname="tests.test_seo" name="test_admin_requires_auth[/api/admin/seo/sitemap-preview]" time="0.111" /><testcase classname="tests.test_seo" name="test_admin_requires_auth[/api/admin/seo/robots-preview]" time="0.122" /><testcase classname="tests.test_seo" name="test_get_admin_settings" time="0.033" /><testcase classname="tests.test_seo" name="test_patch_global_settings" time="0.137" /><testcase classname="tests.test_seo" name="test_patch_global_no_changes_400" time="0.070" /><testcase classname="tests.test_seo" name="test_page_unknown_key_404" time="0.069" /><testcase classname="tests.test_seo" name="test_patch_page_and_public_reflect" time="0.185" /><testcase classname="tests.test_seo" name="test_public_unknown_page_404" time="0.111" /><testcase classname="tests.test_seo" name="test_public_product_page_enriches_from_menu_item" time="0.231" /><testcase classname="tests.test_seo" name="test_public_category_canonical_uses_slug" time="0.238" /><testcase classname="tests.test_seo" name="test_redirects_crud" time="0.729" /><testcase classname="tests.test_seo" name="test_redirect_not_found" time="0.121" /><testcase classname="tests.test_seo" name="test_public_sitemap_xml" time="0.121" /><testcase classname="tests.test_seo" name="test_public_robots_txt" time="0.137" /><testcase classname="tests.test_seo" name="test_health_report" time="0.032" /><testcase classname="tests.test_store_hours.TestStoreStatus" name="test_store_status_returns_200" time="0.112" /><testcase classname="tests.test_store_hours.TestStoreStatus" name="test_store_status_has_required_fields" time="0.114" /><testcase classname="tests.test_store_hours.TestStoreStatus" name="test_store_status_is_open_boolean" time="0.112" /><testcase classname="tests.test_store_hours.TestAdminHoursAuth" name="test_get_hours_requires_auth" time="0.114" /><testcase classname="tests.test_store_hours.TestAdminHoursAuth" name="test_put_hours_requires_auth" time="0.113" /><testcase classname="tests.test_store_hours.TestAdminHoursAuth" name="test_pause_requires_auth" time="0.122"><failure message="assert 422 == 401&#10; +  where 422 = &lt;Response [422]&gt;.status_code">tests/test_store_hours.py:74: in test_pause_requires_auth
    assert response.status_code == 401
E   assert 422 == 401
E    +  where 422 = &lt;Response [422]&gt;.status_code</failure></testcase><testcase classname="tests.test_store_hours.TestAdminHoursAuth" name="test_get_holidays_requires_auth" time="0.117" /><testcase classname="tests.test_store_hours.TestAdminHoursAuth" name="test_create_holiday_requires_auth" time="0.138" /><testcase classname="tests.test_store_hours.TestAdminHoursAuthenticated" name="test_get_store_hours" time="0.412" /><testcase classname="tests.test_store_hours.TestAdminHoursAuthenticated" name="test_get_store_hours_has_day_config" time="0.369" /><testcase classname="tests.test_store_hours.TestAdminHoursAuthenticated" name="test_sunday_has_different_hours" time="0.370" /><testcase classname="tests.test_store_hours.TestAdminHoursAuthenticated" name="test_update_store_hours" time="0.472" /><testcase classname="tests.test_store_hours.TestAdminHoursAuthenticated" name="test_pause_ordering_toggle" time="0.467"><failure message="assert 422 == 200&#10; +  where 422 = &lt;Response [422]&gt;.status_code">tests/test_store_hours.py:190: in test_pause_ordering_toggle
    assert toggle_response.status_code == 200
E   assert 422 == 200
E    +  where 422 = &lt;Response [422]&gt;.status_code</failure></testcase><testcase classname="tests.test_store_hours.TestAdminHolidays" name="test_get_holidays" time="0.409" /><testcase classname="tests.test_store_hours.TestAdminHolidays" name="test_create_holiday" time="0.440" /><testcase classname="tests.test_store_hours.TestAdminHolidays" name="test_delete_holiday" time="0.580" /><testcase classname="tests.test_store_hours.TestAdminHolidays" name="test_delete_nonexistent_holiday_returns_404" time="0.410" /><testcase classname="tests.test_store_hours.TestHealthEndpoint" name="test_health_endpoint" time="0.107" /><testcase classname="tests.test_store_profile_uploads.TestUploads" name="test_reject_unauthed_upload" time="0.186" /><testcase classname="tests.test_store_profile_uploads.TestUploads" name="test_upload_image_success" time="0.883" /><testcase classname="tests.test_store_profile_uploads.TestUploads" name="test_reject_non_image" time="0.073" /><testcase classname="tests.test_store_profile_uploads.TestUploads" name="test_reject_oversize" time="0.162" /><testcase classname="tests.test_store_profile_uploads.TestUploads" name="test_public_file_proxy" time="0.941" /><testcase classname="tests.test_store_profile_uploads.TestUploads" name="test_file_proxy_404" time="0.154" /><testcase classname="tests.test_store_profile_uploads.TestUploads" name="test_list_uploads_with_filter" time="0.072" /><testcase classname="tests.test_store_profile_uploads.TestUploads" name="test_soft_delete_upload" time="0.192" /><testcase classname="tests.test_store_profile_uploads.TestUploads" name="test_delete_unknown_upload" time="0.074" /><testcase classname="tests.test_store_profile_uploads.TestStorefrontExtensions" name="test_settings_has_new_fields" time="0.157" /><testcase classname="tests.test_store_profile_uploads.TestStorefrontExtensions" name="test_patch_deep_merge" time="0.300" /><testcase classname="tests.test_store_profile_uploads.TestLocations" name="test_public_list" time="4.345" /><testcase classname="tests.test_store_profile_uploads.TestLocations" name="test_create_primary" time="0.077" /><testcase classname="tests.test_store_profile_uploads.TestLocations" name="test_create_second_primary_demotes_first" time="0.144" /><testcase classname="tests.test_store_profile_uploads.TestLocations" name="test_patch_location" time="0.076" /><testcase classname="tests.test_store_profile_uploads.TestLocations" name="test_patch_sets_primary_demotes_other" time="0.148" /><testcase classname="tests.test_store_profile_uploads.TestLocations" name="test_delete_unknown" time="0.073" /><testcase classname="tests.test_store_profile_uploads.TestLocations" name="test_cleanup_locations" time="0.154" /><testcase classname="tests.test_store_profile_uploads.TestGoogleBusiness" name="test_initial_disconnect_state" time="0.152" /><testcase classname="tests.test_store_profile_uploads.TestGoogleBusiness" name="test_sync_before_connect_400" time="0.076" /><testcase classname="tests.test_store_profile_uploads.TestGoogleBusiness" name="test_connect_and_sync" time="0.147" /><testcase classname="tests.test_store_profile_uploads.TestGoogleBusiness" name="test_disconnect" time="0.146" /><testcase classname="tests.test_store_profile_uploads.TestProfileCompletion" name="test_structure" time="0.035" /><testcase classname="tests.test_storefront.TestPublicStorefront" name="test_public_settings_shape" time="0.214" /><testcase classname="tests.test_storefront.TestPublicStorefront" name="test_social_proof_shape" time="0.070" /><testcase classname="tests.test_storefront.TestAdminAuth" name="test_admin_settings_requires_auth" time="0.070" /><testcase classname="tests.test_storefront.TestAdminAuth" name="test_admin_patch_requires_auth" time="0.068" /><testcase classname="tests.test_storefront.TestAdminStorefront" name="test_admin_get_full_settings" time="0.366" /><testcase classname="tests.test_storefront.TestAdminStorefront" name="test_patch_partial_tagline_only_preserves_other" time="0.084" /><testcase classname="tests.test_storefront.TestAdminStorefront" name="test_patch_deep_merge_colors" time="0.057" /><testcase classname="tests.test_storefront.TestAdminStorefront" name="test_patch_hero_partial" time="0.058" /><testcase classname="tests.test_storefront.TestAdminStorefront" name="test_patch_empty_body_rejected" time="0.070" /><testcase classname="tests.test_storefront.TestAdminStorefront" name="test_public_reflects_admin_update" time="0.094" /><testcase classname="tests.test_storefront.TestAdminStorefront" name="test_restore_defaults" time="0.032" /><testcase classname="tests.test_throttle.TestStoreETA" name="test_eta_with_categories" time="0.521" /><testcase classname="tests.test_throttle.TestStoreETA" name="test_eta_accepts_item_ids" time="0.098" /><testcase classname="tests.test_throttle.TestStoreETA" name="test_eta_empty_body_returns_default" time="0.070" /><testcase classname="tests.test_throttle.TestThrottleAdmin" name="test_unauth_settings" time="0.131" /><testcase classname="tests.test_throttle.TestThrottleAdmin" name="test_get_settings_defaults" time="0.071" /><testcase classname="tests.test_throttle.TestThrottleAdmin" name="test_patch_validation" time="0.193" /><testcase classname="tests.test_throttle.TestThrottleAdmin" name="test_patch_success_persists" time="0.126" /><testcase classname="tests.test_throttle.TestThrottleAdmin" name="test_status_shape" time="0.070" /><testcase classname="tests.test_throttle.TestETATransitions" name="test_at_capacity_when_cap_below_active" time="0.130" /><testcase classname="tests.test_throttle.TestPrepTimes" name="test_unauth" time="0.071" /><testcase classname="tests.test_throttle.TestPrepTimes" name="test_get_returns_map" time="0.069" /><testcase classname="tests.test_throttle.TestPrepTimes" name="test_put_and_verify_persistence" time="0.130" /><testcase classname="tests.test_throttle.TestAutoPause" name="test_auto_pause_flips_store" time="0.344" /><testcase classname="tests.test_throttle.TestOrderEstimated" name="test_order_estimated_from_eta" time="0.656" /><testcase classname="tests.test_throttle.TestRegression" name="test_queue_live" time="0.035" /><testcase classname="tests.test_throttle.TestRegression" name="test_printers" time="0.030" /><testcase classname="tests.test_throttle.TestRegression" name="test_search_menu" time="0.031" /><testcase classname="tests.test_throttle.TestRegression" name="test_analytics_summary" time="0.184" /><testcase classname="tests.test_variants.TestVariantsBackend" name="test_get_item_001_has_variants" time="0.111" /><testcase classname="tests.test_variants.TestVariantsBackend" name="test_item_001_variant_structure" time="0.111" /><testcase classname="tests.test_variants.TestVariantsBackend" name="test_item_001_variant_prices" time="0.111" /><testcase classname="tests.test_variants.TestVariantsBackend" name="test_item_001_variant_stock_status" time="0.110" /><testcase classname="tests.test_variants.TestVariantsBackend" name="test_get_item_005_has_variants" time="0.110" /><testcase classname="tests.test_variants.TestVariantsBackend" name="test_item_005_case_sold_out" time="0.108" /><testcase classname="tests.test_variants.TestVariantsBackend" name="test_get_item_010_has_variants" time="0.111" /><testcase classname="tests.test_variants.TestVariantsBackend" name="test_item_010_variant_prices" time="0.109" /><testcase classname="tests.test_variants.TestVariantsBackend" name="test_item_002_no_variants" time="0.204" /><testcase classname="tests.test_variants.TestVariantsBackend" name="test_item_006_has_variants" time="0.117" /><testcase classname="tests.test_variants.TestVariantsBackend" name="test_admin_update_variants" time="0.595" /><testcase classname="tests.test_variants.TestVariantsBackend" name="test_admin_update_variants_requires_auth" time="0.117" /><testcase classname="tests.test_variants.TestVariantsBackend" name="test_admin_delete_variant" time="0.562" /><testcase classname="tests.test_variants.TestVariantsBackend" name="test_get_all_items_includes_variants" time="0.118" /></testsuite></testsuites>