<?xml version="1.0" encoding="utf-8"?><testsuites name="pytest tests"><testsuite name="pytest" errors="0" failures="0" skipped="0" tests="32" time="2.503" timestamp="2026-04-20T11:23:16.041088+00:00" hostname="agent-env-ff71d4f1-196c-44f4-bdb6-8c44fdfc3702"><testcase classname="backend.tests.test_refactor_search_analytics.TestAuth" name="test_login_admin" time="0.373" /><testcase classname="backend.tests.test_refactor_search_analytics.TestAuth" name="test_me_with_cookie" time="0.393" /><testcase classname="backend.tests.test_refactor_search_analytics.TestCatalog" name="test_menu_items" time="0.106" /><testcase classname="backend.tests.test_refactor_search_analytics.TestCatalog" name="test_categories_tree" time="0.031" /><testcase classname="backend.tests.test_refactor_search_analytics.TestCatalog" name="test_store_status" time="0.027" /><testcase classname="backend.tests.test_refactor_search_analytics.TestOrders" name="test_validate_promo_save10" time="0.052" /><testcase classname="backend.tests.test_refactor_search_analytics.TestOrders" name="test_create_and_fetch_order" time="0.448" /><testcase classname="backend.tests.test_refactor_search_analytics.TestAdmin" name="test_dashboard" time="0.068" /><testcase classname="backend.tests.test_refactor_search_analytics.TestAdmin" name="test_queue" time="0.028" /><testcase classname="backend.tests.test_refactor_search_analytics.TestAdmin" name="test_orders_new" time="0.027" /><testcase classname="backend.tests.test_refactor_search_analytics.TestAdmin" name="test_kds_settings" time="0.032" /><testcase classname="backend.tests.test_refactor_search_analytics.TestAdmin" name="test_kds_board" time="0.027" /><testcase classname="backend.tests.test_refactor_search_analytics.TestAdmin" name="test_printers_list" time="0.026" /><testcase classname="backend.tests.test_refactor_search_analytics.TestAdmin" name="test_print_settings" time="0.026" /><testcase classname="backend.tests.test_refactor_search_analytics.TestAdmin" name="test_print_jobs" time="0.026" /><testcase classname="backend.tests.test_refactor_search_analytics.TestAdmin" name="test_coupons_list" time="0.026" /><testcase classname="backend.tests.test_refactor_search_analytics.TestSearch" name="test_public_menu_search_basic" time="0.027" /><testcase classname="backend.tests.test_refactor_search_analytics.TestSearch" name="test_public_menu_search_empty_q" time="0.027" /><testcase classname="backend.tests.test_refactor_search_analytics.TestSearch" name="test_public_menu_search_regex_escape" time="0.025" /><testcase classname="backend.tests.test_refactor_search_analytics.TestSearch" name="test_public_menu_search_category_filter" time="0.027" /><testcase classname="backend.tests.test_refactor_search_analytics.TestSearch" name="test_admin_search_orders_requires_auth" time="0.108" /><testcase classname="backend.tests.test_refactor_search_analytics.TestSearch" name="test_admin_search_orders_works" time="0.030" /><testcase classname="backend.tests.test_refactor_search_analytics.TestSearch" name="test_admin_search_orders_empty" time="0.025" /><testcase classname="backend.tests.test_refactor_search_analytics.TestSearch" name="test_admin_search_catalog_requires_auth" time="0.103" /><testcase classname="backend.tests.test_refactor_search_analytics.TestSearch" name="test_admin_search_catalog_works" time="0.028" /><testcase classname="backend.tests.test_refactor_search_analytics.TestSearch" name="test_admin_search_catalog_empty" time="0.025" /><testcase classname="backend.tests.test_refactor_search_analytics.TestAnalytics" name="test_requires_auth" time="0.104" /><testcase classname="backend.tests.test_refactor_search_analytics.TestAnalytics" name="test_all_ranges[day]" time="0.070" /><testcase classname="backend.tests.test_refactor_search_analytics.TestAnalytics" name="test_all_ranges[week]" time="0.027" /><testcase classname="backend.tests.test_refactor_search_analytics.TestAnalytics" name="test_all_ranges[month]" time="0.027" /><testcase classname="backend.tests.test_refactor_search_analytics.TestAnalytics" name="test_all_ranges[quarter]" time="0.029" /><testcase classname="backend.tests.test_refactor_search_analytics.TestAnalytics" name="test_all_ranges[year]" time="0.028" /></testsuite></testsuites>