<?xml version="1.0" encoding="utf-8"?><testsuites name="pytest tests"><testsuite name="pytest" errors="0" failures="2" skipped="8" tests="113" time="35.244" timestamp="2026-05-18T09:25:38.909325+00:00" hostname="agent-env-1b0eed69-bc15-4142-97c6-5d5396ca1232"><testcase classname="backend.tests.test_checkout_orders.TestPromoCodeValidation" name="test_valid_promo_save10" time="0.160" /><testcase classname="backend.tests.test_checkout_orders.TestPromoCodeValidation" name="test_invalid_promo_code" time="0.104" /><testcase classname="backend.tests.test_checkout_orders.TestPromoCodeValidation" name="test_welcome5_promo_min_subtotal" time="0.214"><failure message="AssertionError: assert 'fixed' == 'flat'&#10;  &#10;  - flat&#10;  + fixed">backend/tests/test_checkout_orders.py:65: in test_welcome5_promo_min_subtotal
    assert data["rule"]["type"] == "flat"
E   AssertionError: assert 'fixed' == 'flat'
E     
E     - flat
E     + fixed</failure></testcase><testcase classname="backend.tests.test_checkout_orders.TestPromoCodeValidation" name="test_freeship_promo" time="0.107" /><testcase classname="backend.tests.test_checkout_orders.TestOrderCreation" name="test_create_order_pickup_success" time="0.506" /><testcase classname="backend.tests.test_checkout_orders.TestOrderCreation" name="test_create_order_delivery_missing_address" time="0.110" /><testcase classname="backend.tests.test_checkout_orders.TestOrderCreation" name="test_create_order_dine_in_missing_table" time="0.110" /><testcase classname="backend.tests.test_checkout_orders.TestOrderCreation" name="test_create_order_invalid_item_id" time="0.114" /><testcase classname="backend.tests.test_checkout_orders.TestOrderCreation" name="test_create_order_delivery_with_address" time="0.536" /><testcase classname="backend.tests.test_checkout_orders.TestOrderCreation" name="test_create_order_dine_in_with_table" time="0.521" /><testcase classname="backend.tests.test_checkout_orders.TestOrderRetrieval" name="test_get_order_by_id" time="0.655" /><testcase classname="backend.tests.test_checkout_orders.TestOrderRetrieval" name="test_get_order_not_found" time="0.100" /><testcase classname="backend.tests.test_checkout_orders.TestPaymentStatus" name="test_payment_status_for_created_order" time="0.827"><failure message="AssertionError: assert 'paid' in ['unpaid', 'initiated', 'pending']">backend/tests/test_checkout_orders.py:312: in test_payment_status_for_created_order
    assert status["payment_status"] in ["unpaid", "initiated", "pending"]
E   AssertionError: assert 'paid' in ['unpaid', 'initiated', 'pending']</failure></testcase><testcase classname="backend.tests.test_checkout_orders.TestPricingMath" name="test_tax_calculation" time="0.585" /><testcase classname="backend.tests.test_checkout_orders.TestPricingMath" name="test_delivery_fee_only_for_delivery" time="1.224" /><testcase classname="backend.tests.test_checkout_orders.TestPricingMath" name="test_save10_discount_calculation" time="0.589" /><testcase classname="backend.tests.test_checkout_orders.TestPricingMath" name="test_freeship_makes_delivery_free" time="0.609" /><testcase classname="backend.tests.test_checkout_orders.TestPricingMath" name="test_backend_uses_db_prices_not_frontend" time="0.758" /><testcase classname="backend.tests.test_checkout_orders.TestOrderPersistence" name="test_order_persisted_with_correct_status" time="0.602" /><testcase classname="backend.tests.test_reviews" name="test_admin_review_config_defaults" time="0.388" /><testcase classname="backend.tests.test_reviews" name="test_admin_review_config_patch" time="0.134" /><testcase classname="backend.tests.test_reviews" name="test_admin_config_requires_auth" time="0.101" /><testcase classname="backend.tests.test_reviews" name="test_public_summary_has_seed_data" time="0.112" /><testcase classname="backend.tests.test_reviews" name="test_public_reviews_filter_and_sort" time="0.219" /><testcase classname="backend.tests.test_reviews" name="test_bulk_summary" time="0.107" /><testcase classname="backend.tests.test_reviews" name="test_review_request_not_eligible_for_fresh_order" time="0.768" /><testcase classname="backend.tests.test_reviews" name="test_review_request_eligible_when_delivered" time="0.806" /><testcase classname="backend.tests.test_reviews" name="test_submit_review_and_duplicate_rejection" time="0.470" /><testcase classname="backend.tests.test_reviews" name="test_submit_review_requires_correct_email" time="0.110" /><testcase classname="backend.tests.test_reviews" name="test_helpful_counter" time="0.210" /><testcase classname="backend.tests.test_reviews" name="test_admin_list_and_counts" time="0.027" /><testcase classname="backend.tests.test_reviews" name="test_admin_flag_approve_respond_delete" time="0.442" /><testcase classname="backend.tests.test_reviews" name="test_admin_aggregate_and_attention" time="0.145" /><testcase classname="backend.tests.test_reviews" name="test_admin_delete_review_permanent" time="0.006"><skipped type="pytest.skip" message="No item review to delete">/app/backend/tests/test_reviews.py:295: No item review to delete</skipped></testcase><testcase classname="backend.tests.test_admin_orders.TestAdminOrdersAuth" name="test_get_new_orders_without_auth_returns_401" time="0.110" /><testcase classname="backend.tests.test_admin_orders.TestAdminOrdersAuth" name="test_accept_order_without_auth_returns_401" time="0.107" /><testcase classname="backend.tests.test_admin_orders.TestAdminOrdersAuth" name="test_reject_order_without_auth_returns_401" time="0.104" /><testcase classname="backend.tests.test_admin_orders.TestAdminOrdersAuth" name="test_advance_order_without_auth_returns_401" time="0.112" /><testcase classname="backend.tests.test_admin_orders.TestAdminOrdersWithAuth" name="test_get_new_orders_returns_structure" time="0.397" /><testcase classname="backend.tests.test_admin_orders.TestAdminOrdersWithAuth" name="test_get_new_orders_with_future_since_returns_empty" time="0.394" /><testcase classname="backend.tests.test_admin_orders.TestAdminOrdersWithAuth" name="test_accept_nonexistent_order_returns_404" time="0.389" /><testcase classname="backend.tests.test_admin_orders.TestAdminOrdersWithAuth" name="test_reject_nonexistent_order_returns_404" time="0.491" /><testcase classname="backend.tests.test_admin_orders.TestAdminOrdersWithAuth" name="test_advance_nonexistent_order_returns_404" time="0.392" /><testcase classname="backend.tests.test_admin_orders.TestPublicOrderTracking" name="test_get_order_nonexistent_returns_404" time="0.106" /><testcase classname="backend.tests.test_admin_orders.TestOrderWorkflow" name="test_accept_order_sets_status_preparing_and_accepted_at" time="0.000"><skipped type="pytest.skip" message="Requires direct MongoDB access - verified manually via curl">/app/backend/tests/test_admin_orders.py:146: Requires direct MongoDB access - verified manually via curl</skipped></testcase><testcase classname="backend.tests.test_admin_orders.TestOrderWorkflow" name="test_reject_order_sets_status_rejected_and_reason" time="0.000"><skipped type="pytest.skip" message="Requires direct MongoDB access - verified manually via curl">/app/backend/tests/test_admin_orders.py:155: Requires direct MongoDB access - verified manually via curl</skipped></testcase><testcase classname="backend.tests.test_admin_orders.TestOrderWorkflow" name="test_advance_delivery_order_flow" time="0.000"><skipped type="pytest.skip" message="Requires direct MongoDB access - verified manually via curl">/app/backend/tests/test_admin_orders.py:165: Requires direct MongoDB access - verified manually via curl</skipped></testcase><testcase classname="backend.tests.test_admin_orders.TestOrderWorkflow" name="test_advance_pickup_order_flow" time="0.000"><skipped type="pytest.skip" message="Requires direct MongoDB access - verified manually via curl">/app/backend/tests/test_admin_orders.py:173: Requires direct MongoDB access - verified manually via curl</skipped></testcase><testcase classname="backend.tests.test_admin_orders.TestOrderWorkflow" name="test_advance_dinein_order_flow" time="0.000"><skipped type="pytest.skip" message="Requires direct MongoDB access - verified manually via curl">/app/backend/tests/test_admin_orders.py:181: Requires direct MongoDB access - verified manually via curl</skipped></testcase><testcase classname="backend.tests.test_admin_orders.TestOrderWorkflow" name="test_public_order_tracking_returns_full_order" time="0.000"><skipped type="pytest.skip" message="Requires direct MongoDB access - verified manually via curl">/app/backend/tests/test_admin_orders.py:189: Requires direct MongoDB access - verified manually via curl</skipped></testcase><testcase classname="backend.tests.test_admin_orders.TestOrderWorkflow" name="test_new_orders_shows_paid_preparing_orders" time="0.000"><skipped type="pytest.skip" message="Requires direct MongoDB access - verified manually via curl">/app/backend/tests/test_admin_orders.py:198: Requires direct MongoDB access - verified manually via curl</skipped></testcase><testcase classname="backend.tests.test_order_modification" name="test_public_config_shape" time="0.540" /><testcase classname="backend.tests.test_order_modification" name="test_admin_requires_auth[GET-/api/admin/cancellation/config]" time="0.107" /><testcase classname="backend.tests.test_order_modification" name="test_admin_requires_auth[PATCH-/api/admin/cancellation/config]" time="0.106" /><testcase classname="backend.tests.test_order_modification" name="test_admin_requires_auth[GET-/api/admin/cancellations]" time="0.108" /><testcase classname="backend.tests.test_order_modification" name="test_admin_requires_auth[GET-/api/admin/orders/any/audit]" time="0.106" /><testcase classname="backend.tests.test_order_modification" name="test_admin_requires_auth[POST-/api/admin/orders/any/cancel]" time="0.103" /><testcase classname="backend.tests.test_order_modification" name="test_admin_requires_auth[POST-/api/admin/orders/any/modify]" time="0.106" /><testcase classname="backend.tests.test_order_modification" name="test_patch_config_persists" time="0.096" /><testcase classname="backend.tests.test_order_modification" name="test_patch_config_empty_400" time="0.066" /><testcase classname="backend.tests.test_order_modification" name="test_config_window_bounds" time="0.066" /><testcase classname="backend.tests.test_order_modification" name="test_cancel_eligibility_fresh_order" time="0.717" /><testcase classname="backend.tests.test_order_modification" name="test_cancel_eligibility_not_found" time="0.104" /><testcase classname="backend.tests.test_order_modification" name="test_customer_self_cancel_happy_path" time="0.933" /><testcase classname="backend.tests.test_order_modification" name="test_customer_cancel_already_cancelled" time="0.817" /><testcase classname="backend.tests.test_order_modification" name="test_customer_cancel_invalid_reason" time="0.700" /><testcase classname="backend.tests.test_order_modification" name="test_customer_cancel_when_disabled" time="0.827" /><testcase classname="backend.tests.test_order_modification" name="test_customer_cancel_zero_window_blocks" time="0.801" /><testcase classname="backend.tests.test_order_modification" name="test_admin_cancel" time="0.747" /><testcase classname="backend.tests.test_order_modification" name="test_admin_cancel_not_found" time="0.033" /><testcase classname="backend.tests.test_order_modification" name="test_admin_modify_qty_and_discount" time="0.893" /><testcase classname="backend.tests.test_order_modification" name="test_admin_modify_empty_items_400" time="0.630" /><testcase classname="backend.tests.test_order_modification" name="test_admin_modify_no_changes_400" time="0.673" /><testcase classname="backend.tests.test_order_modification" name="test_admin_modify_cancelled_blocked" time="0.692" /><testcase classname="backend.tests.test_order_modification" name="test_acknowledge_modification" time="0.913" /><testcase classname="backend.tests.test_order_modification" name="test_admin_cancellations_list" time="0.094" /><testcase classname="backend.tests.test_coupons.TestPromoValidation" name="test_save10_valid" time="0.107" /><testcase classname="backend.tests.test_coupons.TestPromoValidation" name="test_save10_case_insensitive" time="0.111" /><testcase classname="backend.tests.test_coupons.TestPromoValidation" name="test_expired10_invalid" time="0.108" /><testcase classname="backend.tests.test_coupons.TestPromoValidation" name="test_freeship_pickup_invalid" time="0.106" /><testcase classname="backend.tests.test_coupons.TestPromoValidation" name="test_freeship_delivery_valid" time="0.103" /><testcase classname="backend.tests.test_coupons.TestPromoValidation" name="test_welcome5_below_minimum" time="0.113" /><testcase classname="backend.tests.test_coupons.TestPromoValidation" name="test_welcome5_first_order_only" time="0.109" /><testcase classname="backend.tests.test_coupons.TestPromoValidation" name="test_invalid_code" time="0.113" /><testcase classname="backend.tests.test_coupons.TestAdminCouponsAuth" name="test_get_coupons_without_auth" time="0.112" /><testcase classname="backend.tests.test_coupons.TestAdminCouponsCRUD" name="test_list_coupons_returns_seeded" time="0.406" /><testcase classname="backend.tests.test_coupons.TestAdminCouponsCRUD" name="test_create_coupon" time="0.465" /><testcase classname="backend.tests.test_coupons.TestAdminCouponsCRUD" name="test_create_duplicate_coupon_fails" time="0.521" /><testcase classname="backend.tests.test_coupons.TestAdminCouponsCRUD" name="test_create_bogo_type_fails" time="0.394" /><testcase classname="backend.tests.test_coupons.TestAdminCouponsCRUD" name="test_update_coupon" time="0.451" /><testcase classname="backend.tests.test_coupons.TestAdminCouponsCRUD" name="test_toggle_coupon" time="0.512" /><testcase classname="backend.tests.test_coupons.TestAdminCouponsCRUD" name="test_delete_coupon" time="0.530" /><testcase classname="backend.tests.test_coupons.TestAdminCouponsCRUD" name="test_delete_nonexistent_coupon" time="0.405" /><testcase classname="backend.tests.test_coupons.TestSeededCouponsExist" name="test_seeded_coupons_properties" time="0.392" /><testcase classname="backend.tests.test_auth.TestHealthAndRoot" name="test_health_check" time="0.106" /><testcase classname="backend.tests.test_auth.TestHealthAndRoot" name="test_root_endpoint" time="0.067" /><testcase classname="backend.tests.test_auth.TestUserRegistration" name="test_register_success" time="0.294" /><testcase classname="backend.tests.test_auth.TestUserRegistration" name="test_register_empty_email_fails" time="0.065" /><testcase classname="backend.tests.test_auth.TestUserRegistration" name="test_register_short_password_fails" time="0.066" /><testcase classname="backend.tests.test_auth.TestUserRegistration" name="test_register_duplicate_email_fails" time="0.355" /><testcase classname="backend.tests.test_auth.TestUserLogin" name="test_login_admin_success" time="0.291" /><testcase classname="backend.tests.test_auth.TestUserLogin" name="test_login_wrong_password_fails" time="0.296" /><testcase classname="backend.tests.test_auth.TestUserLogin" name="test_login_nonexistent_user_fails" time="0.067" /><testcase classname="backend.tests.test_auth.TestAuthMe" name="test_me_authenticated" time="0.359" /><testcase classname="backend.tests.test_auth.TestAuthMe" name="test_me_unauthenticated" time="0.103" /><testcase classname="backend.tests.test_auth.TestLogout" name="test_logout_clears_session" time="0.316" /><testcase classname="backend.tests.test_auth.TestForgotPassword" name="test_forgot_password_returns_success" time="0.070" /><testcase classname="backend.tests.test_auth.TestForgotPassword" name="test_forgot_password_nonexistent_email" time="0.067" /><testcase classname="backend.tests.test_auth.TestResetPassword" name="test_reset_password_invalid_token" time="0.068" /><testcase classname="backend.tests.test_auth.TestResetPassword" name="test_reset_password_short_password" time="0.066" /><testcase classname="backend.tests.test_auth.TestGuestSession" name="test_create_guest_session" time="0.070" /><testcase classname="backend.tests.test_auth.TestBruteForceProtection" name="test_brute_force_mechanism_exists" time="1.093" /><testcase classname="backend.tests.test_auth.TestTokenRefresh" name="test_refresh_without_token" time="0.109" /></testsuite></testsuites>