<?xml version="1.0" encoding="utf-8"?><testsuites name="pytest tests"><testsuite name="pytest" errors="0" failures="0" skipped="0" tests="20" time="0.632" timestamp="2026-04-20T12:37:23.262008+00:00" hostname="agent-env-ff71d4f1-196c-44f4-bdb6-8c44fdfc3702"><testcase classname="backend.tests.test_catalog_settings_search.TestCatalogSettingsPublic" name="test_public_get" time="0.230" /><testcase classname="backend.tests.test_catalog_settings_search.TestCatalogSettingsAdmin" name="test_admin_get_requires_auth" time="0.002" /><testcase classname="backend.tests.test_catalog_settings_search.TestCatalogSettingsAdmin" name="test_patch_requires_auth" time="0.002" /><testcase classname="backend.tests.test_catalog_settings_search.TestCatalogSettingsAdmin" name="test_admin_get" time="0.042" /><testcase classname="backend.tests.test_catalog_settings_search.TestCatalogSettingsAdmin" name="test_patch_partial_default_sort" time="0.047" /><testcase classname="backend.tests.test_catalog_settings_search.TestCatalogSettingsAdmin" name="test_patch_invalid_sort_returns_400" time="0.043" /><testcase classname="backend.tests.test_catalog_settings_search.TestCatalogSettingsAdmin" name="test_patch_filters_dietary_whitelist" time="0.045" /><testcase classname="backend.tests.test_catalog_settings_search.TestCatalogSettingsAdmin" name="test_patch_quick_view_toggle" time="0.091" /><testcase classname="backend.tests.test_catalog_settings_search.TestSearchMenu" name="test_basic_search" time="0.004" /><testcase classname="backend.tests.test_catalog_settings_search.TestSearchMenu" name="test_search_text_query" time="0.002" /><testcase classname="backend.tests.test_catalog_settings_search.TestSearchMenu" name="test_dietary_filter_single" time="0.002" /><testcase classname="backend.tests.test_catalog_settings_search.TestSearchMenu" name="test_dietary_filter_multi_uses_all" time="0.002" /><testcase classname="backend.tests.test_catalog_settings_search.TestSearchMenu" name="test_price_range" time="0.002" /><testcase classname="backend.tests.test_catalog_settings_search.TestSearchMenu" name="test_in_stock_only" time="0.002" /><testcase classname="backend.tests.test_catalog_settings_search.TestSearchMenu" name="test_sort_price_asc" time="0.002" /><testcase classname="backend.tests.test_catalog_settings_search.TestSearchMenu" name="test_sort_price_desc" time="0.002" /><testcase classname="backend.tests.test_catalog_settings_search.TestSearchMenu" name="test_sort_name_asc" time="0.002" /><testcase classname="backend.tests.test_catalog_settings_search.TestSearchMenu" name="test_sort_invalid_falls_back" time="0.002" /><testcase classname="backend.tests.test_catalog_settings_search.TestSearchMenu" name="test_limit_cap" time="0.002" /><testcase classname="backend.tests.test_catalog_settings_search.TestSeedDietaryBackfill" name="test_items_001_010_have_dietary_tags" time="0.017" /></testsuite></testsuites>