<?xml version="1.0" encoding="utf-8"?><testsuites name="pytest tests"><testsuite name="pytest" errors="0" failures="0" skipped="0" tests="11" time="1.301" timestamp="2026-04-20T12:25:22.157138+00:00" hostname="agent-env-ff71d4f1-196c-44f4-bdb6-8c44fdfc3702"><testcase classname="backend.tests.test_storefront.TestPublicStorefront" name="test_public_settings_shape" time="0.279" /><testcase classname="backend.tests.test_storefront.TestPublicStorefront" name="test_social_proof_shape" time="0.072" /><testcase classname="backend.tests.test_storefront.TestAdminAuth" name="test_admin_settings_requires_auth" time="0.068" /><testcase classname="backend.tests.test_storefront.TestAdminAuth" name="test_admin_patch_requires_auth" time="0.066" /><testcase classname="backend.tests.test_storefront.TestAdminStorefront" name="test_admin_get_full_settings" time="0.363" /><testcase classname="backend.tests.test_storefront.TestAdminStorefront" name="test_patch_partial_tagline_only_preserves_other" time="0.079" /><testcase classname="backend.tests.test_storefront.TestAdminStorefront" name="test_patch_deep_merge_colors" time="0.052" /><testcase classname="backend.tests.test_storefront.TestAdminStorefront" name="test_patch_hero_partial" time="0.062" /><testcase classname="backend.tests.test_storefront.TestAdminStorefront" name="test_patch_empty_body_rejected" time="0.078" /><testcase classname="backend.tests.test_storefront.TestAdminStorefront" name="test_public_reflects_admin_update" time="0.065" /><testcase classname="backend.tests.test_storefront.TestAdminStorefront" name="test_restore_defaults" time="0.037" /></testsuite></testsuites>