<?xml version="1.0" encoding="utf-8"?><testsuites name="pytest tests"><testsuite name="pytest" errors="0" failures="0" skipped="0" tests="13" time="1.836" timestamp="2026-04-20T13:30:18.622998+00:00" hostname="agent-env-ff71d4f1-196c-44f4-bdb6-8c44fdfc3702"><testcase classname="backend.tests.test_analytics_reports.TestAnalyticsSummary" name="test_summary_structure" time="0.522" /><testcase classname="backend.tests.test_analytics_reports.TestAnalyticsSummary" name="test_unauthenticated_blocked" time="0.121" /><testcase classname="backend.tests.test_analytics_reports.TestExport" name="test_export_csv[orders-order_number]" time="0.047" /><testcase classname="backend.tests.test_analytics_reports.TestExport" name="test_export_csv[revenue-date]" time="0.039" /><testcase classname="backend.tests.test_analytics_reports.TestExport" name="test_export_csv[items-item_name]" time="0.042" /><testcase classname="backend.tests.test_analytics_reports.TestExport" name="test_export_invalid_type" time="0.073" /><testcase classname="backend.tests.test_analytics_reports.TestExport" name="test_export_with_range" time="0.073" /><testcase classname="backend.tests.test_analytics_reports.TestExport" name="test_export_unauthenticated" time="0.109" /><testcase classname="backend.tests.test_analytics_reports.TestSchedules" name="test_full_lifecycle" time="0.393" /><testcase classname="backend.tests.test_analytics_reports.TestSchedules" name="test_delete_unknown" time="0.073" /><testcase classname="backend.tests.test_analytics_reports.TestSchedules" name="test_invalid_frequency_rejected" time="0.072" /><testcase classname="backend.tests.test_analytics_reports.TestSchedules" name="test_invalid_type_rejected" time="0.069" /><testcase classname="backend.tests.test_analytics_reports.TestSchedules" name="test_unauthenticated_blocked" time="0.114" /></testsuite></testsuites>