<?xml version="1.0" encoding="utf-8"?><testsuites name="pytest tests"><testsuite name="pytest" errors="0" failures="0" skipped="0" tests="7" time="4.384" timestamp="2026-05-21T10:46:24.836545+00:00" hostname="agent-env-1b0eed69-bc15-4142-97c6-5d5396ca1232"><testcase classname="backend.tests.test_iteration38_bug_fixes.TestPauseOrdering" name="test_pause_blocks_orders_with_503" time="0.630" /><testcase classname="backend.tests.test_iteration38_bug_fixes.TestPauseOrdering" name="test_unpause_allows_orders" time="0.781" /><testcase classname="backend.tests.test_iteration38_bug_fixes.TestAdminItemCreate" name="test_create_item_with_image_url" time="0.233" /><testcase classname="backend.tests.test_iteration38_bug_fixes.TestCancellationConfig" name="test_require_reason_false_propagates_to_public" time="0.471" /><testcase classname="backend.tests.test_iteration38_bug_fixes.TestCancellationConfig" name="test_require_reason_true_propagates_to_public" time="0.436" /><testcase classname="backend.tests.test_iteration38_bug_fixes.TestCancelEligibility" name="test_eligibility_reason_required_false" time="0.807" /><testcase classname="backend.tests.test_iteration38_bug_fixes.TestCancelEligibility" name="test_eligibility_reason_required_true" time="0.942" /></testsuite></testsuites>