<?xml version="1.0" encoding="utf-8"?><testsuites name="pytest tests"><testsuite name="pytest" errors="0" failures="1" skipped="0" tests="5" time="0.846" timestamp="2026-05-18T09:41:31.027957+00:00" hostname="agent-env-1b0eed69-bc15-4142-97c6-5d5396ca1232"><testcase classname="backend.tests.test_footer_fixes" name="test_storefront_settings_returns_social_urls" time="0.244"><failure message="AssertionError: instagram not populated: &#10;assert False&#10; +  where False = &lt;built-in method startswith of str object at 0xf94ac28b0be8&gt;('http')&#10; +    where &lt;built-in method startswith of str object at 0xf94ac28b0be8&gt; = ''.startswith">backend/tests/test_footer_fixes.py:19: in test_storefront_settings_returns_social_urls
    assert social["instagram"].startswith("http"), f"instagram not populated: {social['instagram']}"
E   AssertionError: instagram not populated: 
E   assert False
E    +  where False = &lt;built-in method startswith of str object at 0xf94ac28b0be8&gt;('http')
E    +    where &lt;built-in method startswith of str object at 0xf94ac28b0be8&gt; = ''.startswith</failure></testcase><testcase classname="backend.tests.test_footer_fixes" name="test_newsletter_subscribe_success" time="0.105" /><testcase classname="backend.tests.test_footer_fixes" name="test_newsletter_subscribe_idempotent" time="0.213" /><testcase classname="backend.tests.test_footer_fixes" name="test_newsletter_subscribe_invalid_email" time="0.104" /><testcase classname="backend.tests.test_footer_fixes" name="test_newsletter_subscribe_empty_email" time="0.100" /></testsuite></testsuites>