<?xml version="1.0" encoding="utf-8"?><testsuites name="pytest tests"><testsuite name="pytest" errors="0" failures="0" skipped="0" tests="23" time="3.235" timestamp="2026-04-20T13:43:34.654758+00:00" hostname="agent-env-ff71d4f1-196c-44f4-bdb6-8c44fdfc3702"><testcase classname="backend.tests.test_store_profile_uploads.TestUploads" name="test_reject_unauthed_upload" time="0.311" /><testcase classname="backend.tests.test_store_profile_uploads.TestUploads" name="test_upload_image_success" time="0.625" /><testcase classname="backend.tests.test_store_profile_uploads.TestUploads" name="test_reject_non_image" time="0.073" /><testcase classname="backend.tests.test_store_profile_uploads.TestUploads" name="test_reject_oversize" time="0.186" /><testcase classname="backend.tests.test_store_profile_uploads.TestUploads" name="test_public_file_proxy" time="0.211" /><testcase classname="backend.tests.test_store_profile_uploads.TestUploads" name="test_file_proxy_404" time="0.112" /><testcase classname="backend.tests.test_store_profile_uploads.TestUploads" name="test_list_uploads_with_filter" time="0.071" /><testcase classname="backend.tests.test_store_profile_uploads.TestUploads" name="test_soft_delete_upload" time="0.139" /><testcase classname="backend.tests.test_store_profile_uploads.TestUploads" name="test_delete_unknown_upload" time="0.031" /><testcase classname="backend.tests.test_store_profile_uploads.TestStorefrontExtensions" name="test_settings_has_new_fields" time="0.111" /><testcase classname="backend.tests.test_store_profile_uploads.TestStorefrontExtensions" name="test_patch_deep_merge" time="0.281" /><testcase classname="backend.tests.test_store_profile_uploads.TestLocations" name="test_public_list" time="0.108" /><testcase classname="backend.tests.test_store_profile_uploads.TestLocations" name="test_create_primary" time="0.044" /><testcase classname="backend.tests.test_store_profile_uploads.TestLocations" name="test_create_second_primary_demotes_first" time="0.100" /><testcase classname="backend.tests.test_store_profile_uploads.TestLocations" name="test_patch_location" time="0.032" /><testcase classname="backend.tests.test_store_profile_uploads.TestLocations" name="test_patch_sets_primary_demotes_other" time="0.103" /><testcase classname="backend.tests.test_store_profile_uploads.TestLocations" name="test_delete_unknown" time="0.030" /><testcase classname="backend.tests.test_store_profile_uploads.TestLocations" name="test_cleanup_locations" time="0.142" /><testcase classname="backend.tests.test_store_profile_uploads.TestGoogleBusiness" name="test_initial_disconnect_state" time="0.143" /><testcase classname="backend.tests.test_store_profile_uploads.TestGoogleBusiness" name="test_sync_before_connect_400" time="0.071" /><testcase classname="backend.tests.test_store_profile_uploads.TestGoogleBusiness" name="test_connect_and_sync" time="0.103" /><testcase classname="backend.tests.test_store_profile_uploads.TestGoogleBusiness" name="test_disconnect" time="0.100" /><testcase classname="backend.tests.test_store_profile_uploads.TestProfileCompletion" name="test_structure" time="0.035" /></testsuite></testsuites>