<?xml version="1.0" encoding="utf-8"?><testsuites name="pytest tests"><testsuite name="pytest" errors="0" failures="0" skipped="0" tests="19" time="3.644" timestamp="2026-04-20T14:08:46.675565+00:00" hostname="agent-env-ff71d4f1-196c-44f4-bdb6-8c44fdfc3702"><testcase classname="backend.tests.test_fees_config.TestAuthGuards" name="test_list_regions_requires_admin" time="0.598" /><testcase classname="backend.tests.test_fees_config.TestAuthGuards" name="test_create_region_requires_admin" time="0.113" /><testcase classname="backend.tests.test_fees_config.TestAuthGuards" name="test_patch_region_requires_admin" time="0.111" /><testcase classname="backend.tests.test_fees_config.TestAuthGuards" name="test_delete_region_requires_admin" time="0.109" /><testcase classname="backend.tests.test_fees_config.TestAuthGuards" name="test_tax_report_requires_admin" time="0.116" /><testcase classname="backend.tests.test_fees_config.TestRegionSeed" name="test_default_region_seed_and_id" time="0.071" /><testcase classname="backend.tests.test_fees_config.TestRegionSeed" name="test_public_default_region" time="0.122" /><testcase classname="backend.tests.test_fees_config.TestRegionCRUD" name="test_create_region" time="0.068" /><testcase classname="backend.tests.test_fees_config.TestRegionCRUD" name="test_patch_region_deep_merge" time="0.074" /><testcase classname="backend.tests.test_fees_config.TestRegionCRUD" name="test_promote_default_demotes_others" time="0.209" /><testcase classname="backend.tests.test_fees_config.TestRegionCRUD" name="test_cannot_delete_default" time="0.068" /><testcase classname="backend.tests.test_fees_config.TestRegionCRUD" name="test_delete_non_default" time="0.143" /><testcase classname="backend.tests.test_fees_config.TestPricingQuote" name="test_basic_quote_uses_default_rate" time="0.109" /><testcase classname="backend.tests.test_fees_config.TestPricingQuote" name="test_quote_with_item_and_category_overrides" time="0.218" /><testcase classname="backend.tests.test_fees_config.TestPricingQuote" name="test_quote_inclusive_tax_extracted" time="0.213" /><testcase classname="backend.tests.test_fees_config.TestPricingQuote" name="test_quote_tiered_delivery_match" time="0.467" /><testcase classname="backend.tests.test_fees_config.TestPricingQuote" name="test_quote_delivery_blocked_below_min_order" time="0.213" /><testcase classname="backend.tests.test_fees_config.TestPricingQuote" name="test_quote_service_charge_percent_and_packaging_flat" time="0.266" /><testcase classname="backend.tests.test_fees_config.TestTaxReport" name="test_tax_report_csv_headers" time="0.287" /></testsuite></testsuites>