<?xml version="1.0" encoding="utf-8"?><testsuites name="pytest tests"><testsuite name="pytest" errors="0" failures="0" skipped="0" tests="29" time="5.448" timestamp="2026-04-20T14:20:50.182614+00:00" hostname="agent-env-ff71d4f1-196c-44f4-bdb6-8c44fdfc3702"><testcase classname="backend.tests.test_fees_config.TestAuthGuards" name="test_list_regions_requires_admin" time="0.529" /><testcase classname="backend.tests.test_fees_config.TestAuthGuards" name="test_create_region_requires_admin" time="0.109" /><testcase classname="backend.tests.test_fees_config.TestAuthGuards" name="test_patch_region_requires_admin" time="0.108" /><testcase classname="backend.tests.test_fees_config.TestAuthGuards" name="test_delete_region_requires_admin" time="0.111" /><testcase classname="backend.tests.test_fees_config.TestAuthGuards" name="test_tax_report_requires_admin" time="0.111" /><testcase classname="backend.tests.test_fees_config.TestRegionSeed" name="test_default_region_seed_and_id" time="0.032" /><testcase classname="backend.tests.test_fees_config.TestRegionSeed" name="test_public_default_region" time="0.109" /><testcase classname="backend.tests.test_fees_config.TestRegionCRUD" name="test_create_region" time="0.030" /><testcase classname="backend.tests.test_fees_config.TestRegionCRUD" name="test_patch_region_deep_merge" time="0.072" /><testcase classname="backend.tests.test_fees_config.TestRegionCRUD" name="test_promote_default_demotes_others" time="0.211" /><testcase classname="backend.tests.test_fees_config.TestRegionCRUD" name="test_cannot_delete_default" time="0.069" /><testcase classname="backend.tests.test_fees_config.TestRegionCRUD" name="test_delete_non_default" time="0.140" /><testcase classname="backend.tests.test_fees_config.TestPricingQuote" name="test_basic_quote_uses_default_rate" time="0.111" /><testcase classname="backend.tests.test_fees_config.TestPricingQuote" name="test_quote_with_item_and_category_overrides" time="0.209" /><testcase classname="backend.tests.test_fees_config.TestPricingQuote" name="test_quote_inclusive_tax_extracted" time="0.257" /><testcase classname="backend.tests.test_fees_config.TestPricingQuote" name="test_quote_tiered_delivery_match" time="0.470" /><testcase classname="backend.tests.test_fees_config.TestPricingQuote" name="test_quote_delivery_blocked_below_min_order" time="0.262" /><testcase classname="backend.tests.test_fees_config.TestPricingQuote" name="test_quote_service_charge_percent_and_packaging_flat" time="0.211" /><testcase classname="backend.tests.test_fees_config.TestTaxReport" name="test_tax_report_csv_headers" time="0.069" /><testcase classname="backend.tests.test_fees_config.TestDeepMergeReplaceKeys" name="test_patch_can_clear_category_overrides" time="0.208" /><testcase classname="backend.tests.test_fees_config.TestDeepMergeReplaceKeys" name="test_patch_can_clear_item_overrides" time="0.139" /><testcase classname="backend.tests.test_fees_config.TestDeepMergeReplaceKeys" name="test_patch_individual_override_still_works" time="0.210" /><testcase classname="backend.tests.test_fees_config.TestDeepMergeReplaceKeys" name="test_patch_tiers_list_replace_still_works" time="0.141" /><testcase classname="backend.tests.test_fees_config.TestQuoteRegionOverride" name="test_override_tax_rate_not_persisted" time="0.117" /><testcase classname="backend.tests.test_fees_config.TestQuoteRegionOverride" name="test_override_service_charge_enabled" time="0.114" /><testcase classname="backend.tests.test_fees_config.TestQuoteRegionOverride" name="test_override_tax_inclusive_flip" time="0.234" /><testcase classname="backend.tests.test_fees_config.TestQuoteRegionOverride" name="test_override_does_not_persist" time="0.224" /><testcase classname="backend.tests.test_fees_config.TestCreateRegionDeepCopy" name="test_mutating_new_region_does_not_affect_default" time="0.172" /><testcase classname="backend.tests.test_fees_config.TestTaxReportInclusive" name="test_inclusive_tax_taxable_base_is_net" time="0.595" /></testsuite></testsuites>