<?xml version="1.0" encoding="utf-8"?><testsuites name="pytest tests"><testsuite name="pytest" errors="0" failures="0" skipped="0" tests="18" time="3.340" timestamp="2026-04-20T14:55:31.401639+00:00" hostname="agent-env-ff71d4f1-196c-44f4-bdb6-8c44fdfc3702"><testcase classname="tests.test_seo" name="test_admin_requires_auth[/api/admin/seo/settings]" time="0.657" /><testcase classname="tests.test_seo" name="test_admin_requires_auth[/api/admin/seo/pages/home]" time="0.117" /><testcase classname="tests.test_seo" name="test_admin_requires_auth[/api/admin/seo/redirects]" time="0.109" /><testcase classname="tests.test_seo" name="test_admin_requires_auth[/api/admin/seo/health]" time="0.114" /><testcase classname="tests.test_seo" name="test_admin_requires_auth[/api/admin/seo/sitemap-preview]" time="0.110" /><testcase classname="tests.test_seo" name="test_admin_requires_auth[/api/admin/seo/robots-preview]" time="0.116" /><testcase classname="tests.test_seo" name="test_get_admin_settings" time="0.036" /><testcase classname="tests.test_seo" name="test_patch_global_settings" time="0.150" /><testcase classname="tests.test_seo" name="test_patch_global_no_changes_400" time="0.073" /><testcase classname="tests.test_seo" name="test_page_unknown_key_404" time="0.073" /><testcase classname="tests.test_seo" name="test_patch_page_and_public_reflect" time="0.193" /><testcase classname="tests.test_seo" name="test_public_unknown_page_404" time="0.117" /><testcase classname="tests.test_seo" name="test_public_product_page_enriches_from_menu_item" time="0.248" /><testcase classname="tests.test_seo" name="test_redirects_crud" time="0.733" /><testcase classname="tests.test_seo" name="test_redirect_not_found" time="0.113" /><testcase classname="tests.test_seo" name="test_public_sitemap_xml" time="0.122" /><testcase classname="tests.test_seo" name="test_public_robots_txt" time="0.117" /><testcase classname="tests.test_seo" name="test_health_report" time="0.076" /></testsuite></testsuites>