<?xml version="1.0" encoding="utf-8"?><testsuites name="pytest tests"><testsuite name="pytest" errors="0" failures="0" skipped="0" tests="18" time="4.052" timestamp="2026-04-20T13:56:16.983007+00:00" hostname="agent-env-ff71d4f1-196c-44f4-bdb6-8c44fdfc3702"><testcase classname="backend.tests.test_hours_phase10.TestStoreStatusExtended" name="test_status_has_new_fields" time="0.510" /><testcase classname="backend.tests.test_hours_phase10.TestPauseWithBody" name="test_pause_explicit_with_reason_and_eta" time="0.524" /><testcase classname="backend.tests.test_hours_phase10.TestPauseWithBody" name="test_unpause_clears_fields" time="0.069" /><testcase classname="backend.tests.test_hours_phase10.TestPauseWithBody" name="test_pause_toggle_when_omitted" time="0.259" /><testcase classname="backend.tests.test_hours_phase10.TestSpecialHours" name="test_special_hours_crud_lifecycle" time="0.380" /><testcase classname="backend.tests.test_hours_phase10.TestSpecialHours" name="test_special_today_used_in_status" time="0.281" /><testcase classname="backend.tests.test_hours_phase10.TestAdvanceOrders" name="test_get_advance_orders" time="0.068" /><testcase classname="backend.tests.test_hours_phase10.TestAdvanceOrders" name="test_patch_partial_and_clamp" time="0.279" /><testcase classname="backend.tests.test_hours_phase10.TestAdvanceOrders" name="test_patch_empty_rejects" time="0.069" /><testcase classname="backend.tests.test_hours_phase10.TestHolidayMessage" name="test_create_holiday_with_message_and_visible_in_status" time="0.402" /><testcase classname="backend.tests.test_hours_phase10.TestOverview" name="test_overview_structure" time="0.031" /><testcase classname="backend.tests.test_hours_phase10.TestOverview" name="test_overview_conflict_when_delivery_overnight" time="0.119" /><testcase classname="backend.tests.test_hours_phase10.TestAuthGuards" name="test_requires_admin[get-/api/admin/store/special-hours-None]" time="0.112" /><testcase classname="backend.tests.test_hours_phase10.TestAuthGuards" name="test_requires_admin[post-/api/admin/store/special-hours-body1]" time="0.106" /><testcase classname="backend.tests.test_hours_phase10.TestAuthGuards" name="test_requires_admin[delete-/api/admin/store/special-hours/sp_x-None]" time="0.124" /><testcase classname="backend.tests.test_hours_phase10.TestAuthGuards" name="test_requires_admin[get-/api/admin/store/advance-orders-None]" time="0.106" /><testcase classname="backend.tests.test_hours_phase10.TestAuthGuards" name="test_requires_admin[patch-/api/admin/store/advance-orders-body4]" time="0.124" /><testcase classname="backend.tests.test_hours_phase10.TestAuthGuards" name="test_requires_admin[get-/api/admin/store/overview-None]" time="0.412" /></testsuite></testsuites>