<?xml version="1.0" encoding="utf-8"?><testsuites name="pytest tests"><testsuite name="pytest" errors="0" failures="0" skipped="0" tests="25" time="12.391" timestamp="2026-04-20T16:30:38.319721+00:00" hostname="agent-env-ff71d4f1-196c-44f4-bdb6-8c44fdfc3702"><testcase classname="backend.tests.test_order_modification" name="test_public_config_shape" time="0.711" /><testcase classname="backend.tests.test_order_modification" name="test_admin_requires_auth[GET-/api/admin/cancellation/config]" time="0.121" /><testcase classname="backend.tests.test_order_modification" name="test_admin_requires_auth[PATCH-/api/admin/cancellation/config]" time="0.124" /><testcase classname="backend.tests.test_order_modification" name="test_admin_requires_auth[GET-/api/admin/cancellations]" time="0.167" /><testcase classname="backend.tests.test_order_modification" name="test_admin_requires_auth[GET-/api/admin/orders/any/audit]" time="0.125" /><testcase classname="backend.tests.test_order_modification" name="test_admin_requires_auth[POST-/api/admin/orders/any/cancel]" time="0.118" /><testcase classname="backend.tests.test_order_modification" name="test_admin_requires_auth[POST-/api/admin/orders/any/modify]" time="0.132" /><testcase classname="backend.tests.test_order_modification" name="test_patch_config_persists" time="0.147" /><testcase classname="backend.tests.test_order_modification" name="test_patch_config_empty_400" time="0.074" /><testcase classname="backend.tests.test_order_modification" name="test_config_window_bounds" time="0.077" /><testcase classname="backend.tests.test_order_modification" name="test_cancel_eligibility_fresh_order" time="0.889" /><testcase classname="backend.tests.test_order_modification" name="test_cancel_eligibility_not_found" time="0.110" /><testcase classname="backend.tests.test_order_modification" name="test_customer_self_cancel_happy_path" time="0.953" /><testcase classname="backend.tests.test_order_modification" name="test_customer_cancel_already_cancelled" time="0.909" /><testcase classname="backend.tests.test_order_modification" name="test_customer_cancel_invalid_reason" time="0.780" /><testcase classname="backend.tests.test_order_modification" name="test_customer_cancel_when_disabled" time="0.921" /><testcase classname="backend.tests.test_order_modification" name="test_customer_cancel_zero_window_blocks" time="0.854" /><testcase classname="backend.tests.test_order_modification" name="test_admin_cancel" time="0.760" /><testcase classname="backend.tests.test_order_modification" name="test_admin_cancel_not_found" time="0.033" /><testcase classname="backend.tests.test_order_modification" name="test_admin_modify_qty_and_discount" time="0.897" /><testcase classname="backend.tests.test_order_modification" name="test_admin_modify_empty_items_400" time="0.652" /><testcase classname="backend.tests.test_order_modification" name="test_admin_modify_no_changes_400" time="0.827" /><testcase classname="backend.tests.test_order_modification" name="test_admin_modify_cancelled_blocked" time="0.796" /><testcase classname="backend.tests.test_order_modification" name="test_acknowledge_modification" time="1.039" /><testcase classname="backend.tests.test_order_modification" name="test_admin_cancellations_list" time="0.105" /></testsuite></testsuites>