<?xml version="1.0" encoding="utf-8"?><testsuites name="pytest tests"><testsuite name="pytest" errors="0" failures="0" skipped="0" tests="18" time="3.210" timestamp="2026-04-20T11:56:03.032189+00:00" hostname="agent-env-ff71d4f1-196c-44f4-bdb6-8c44fdfc3702"><testcase classname="backend.tests.test_throttle.TestStoreETA" name="test_eta_with_categories" time="0.615" /><testcase classname="backend.tests.test_throttle.TestStoreETA" name="test_eta_accepts_item_ids" time="0.096" /><testcase classname="backend.tests.test_throttle.TestStoreETA" name="test_eta_empty_body_returns_default" time="0.068" /><testcase classname="backend.tests.test_throttle.TestThrottleAdmin" name="test_unauth_settings" time="0.196" /><testcase classname="backend.tests.test_throttle.TestThrottleAdmin" name="test_get_settings_defaults" time="0.027" /><testcase classname="backend.tests.test_throttle.TestThrottleAdmin" name="test_patch_validation" time="0.195" /><testcase classname="backend.tests.test_throttle.TestThrottleAdmin" name="test_patch_success_persists" time="0.119" /><testcase classname="backend.tests.test_throttle.TestThrottleAdmin" name="test_status_shape" time="0.070" /><testcase classname="backend.tests.test_throttle.TestETATransitions" name="test_at_capacity_when_cap_below_active" time="0.124" /><testcase classname="backend.tests.test_throttle.TestPrepTimes" name="test_unauth" time="0.025" /><testcase classname="backend.tests.test_throttle.TestPrepTimes" name="test_get_returns_map" time="0.034" /><testcase classname="backend.tests.test_throttle.TestPrepTimes" name="test_put_and_verify_persistence" time="0.186" /><testcase classname="backend.tests.test_throttle.TestAutoPause" name="test_auto_pause_flips_store" time="0.407" /><testcase classname="backend.tests.test_throttle.TestOrderEstimated" name="test_order_estimated_from_eta" time="0.657" /><testcase classname="backend.tests.test_throttle.TestRegression" name="test_queue_live" time="0.030" /><testcase classname="backend.tests.test_throttle.TestRegression" name="test_printers" time="0.072" /><testcase classname="backend.tests.test_throttle.TestRegression" name="test_search_menu" time="0.027" /><testcase classname="backend.tests.test_throttle.TestRegression" name="test_analytics_summary" time="0.166" /></testsuite></testsuites>