<?xml version="1.0" encoding="utf-8"?><testsuites name="pytest tests"><testsuite name="pytest" errors="0" failures="0" skipped="0" tests="8" time="1.837" timestamp="2026-05-18T09:25:22.928500+00:00" hostname="agent-env-1b0eed69-bc15-4142-97c6-5d5396ca1232"><testcase classname="backend.tests.test_iteration36_bug_fixes" name="test_chocolate_desserts_subcategory" time="0.228" /><testcase classname="backend.tests.test_iteration36_bug_fixes" name="test_coupons_active_returns_list" time="0.066" /><testcase classname="backend.tests.test_iteration36_bug_fixes" name="test_coupons_active_filters_free_delivery_for_pickup" time="0.122" /><testcase classname="backend.tests.test_iteration36_bug_fixes" name="test_patch_auth_me_guest_returns_401" time="0.066" /><testcase classname="backend.tests.test_iteration36_bug_fixes" name="test_patch_auth_me_updates_phone" time="0.455" /><testcase classname="backend.tests.test_iteration36_bug_fixes" name="test_patch_auth_me_empty_body_rejected" time="0.027" /><testcase classname="backend.tests.test_iteration36_bug_fixes" name="test_orders_post_then_get_returns_order" time="0.779" /><testcase classname="backend.tests.test_iteration36_bug_fixes" name="test_orders_get_unauthenticated_returns_empty" time="0.024" /></testsuite></testsuites>