<?xml version="1.0" encoding="utf-8"?><testsuites name="pytest tests"><testsuite name="pytest" errors="0" failures="0" skipped="1" tests="25" time="4.451" timestamp="2026-04-20T16:49:19.094981+00:00" hostname="agent-env-ff71d4f1-196c-44f4-bdb6-8c44fdfc3702"><testcase classname="backend.tests.test_staff_roles" name="test_seed_roles" time="0.510" /><testcase classname="backend.tests.test_staff_roles" name="test_auth_guards[GET-/api/admin/roles-None]" time="0.110" /><testcase classname="backend.tests.test_staff_roles" name="test_auth_guards[POST-/api/admin/roles-body1]" time="0.109" /><testcase classname="backend.tests.test_staff_roles" name="test_auth_guards[GET-/api/admin/staff-None]" time="0.115" /><testcase classname="backend.tests.test_staff_roles" name="test_auth_guards[POST-/api/admin/staff/invite-body3]" time="0.114" /><testcase classname="backend.tests.test_staff_roles" name="test_auth_guards[GET-/api/admin/staff-activity-None]" time="0.119" /><testcase classname="backend.tests.test_staff_roles" name="test_create_custom_role" time="0.070" /><testcase classname="backend.tests.test_staff_roles" name="test_edit_predefined_forbidden" time="0.102" /><testcase classname="backend.tests.test_staff_roles" name="test_delete_predefined_forbidden" time="0.101" /><testcase classname="backend.tests.test_staff_roles" name="test_update_custom_role" time="0.081" /><testcase classname="backend.tests.test_staff_roles" name="test_invite_create" time="0.104" /><testcase classname="backend.tests.test_staff_roles" name="test_invite_duplicate_conflict" time="0.102" /><testcase classname="backend.tests.test_staff_roles" name="test_public_view_pending_invite" time="0.114" /><testcase classname="backend.tests.test_staff_roles" name="test_public_view_unknown_token" time="0.121" /><testcase classname="backend.tests.test_staff_roles" name="test_accept_invite" time="0.642" /><testcase classname="backend.tests.test_staff_roles" name="test_accept_then_login" time="0.335" /><testcase classname="backend.tests.test_staff_roles" name="test_invite_revoke" time="0.295" /><testcase classname="backend.tests.test_staff_roles" name="test_staff_list_contains_new_user" time="0.071" /><testcase classname="backend.tests.test_staff_roles" name="test_staff_update_role" time="0.104" /><testcase classname="backend.tests.test_staff_roles" name="test_staff_deactivate_and_reactivate" time="0.207" /><testcase classname="backend.tests.test_staff_roles" name="test_staff_self_deactivate_blocked" time="0.141"><skipped type="pytest.skip" message="Admin is not marked is_staff=True — self-deactivate guard untested">/app/backend/tests/test_staff_roles.py:232: Admin is not marked is_staff=True — self-deactivate guard untested</skipped></testcase><testcase classname="backend.tests.test_staff_roles" name="test_invalid_role_id_rejected" time="0.082" /><testcase classname="backend.tests.test_staff_roles" name="test_delete_role_in_use_blocked" time="0.212" /><testcase classname="backend.tests.test_staff_roles" name="test_staff_activity_endpoint" time="0.071" /><testcase classname="backend.tests.test_staff_roles" name="test_global_activity_endpoint" time="0.350" /></testsuite></testsuites>