<?xml version="1.0" encoding="utf-8"?><testsuites name="pytest tests"><testsuite name="pytest" errors="0" failures="0" skipped="1" tests="15" time="4.629" timestamp="2026-04-20T17:17:19.004403+00:00" hostname="agent-env-1b0eed69-bc15-4142-97c6-5d5396ca1232"><testcase classname="backend.tests.test_reviews" name="test_admin_review_config_defaults" time="0.553" /><testcase classname="backend.tests.test_reviews" name="test_admin_review_config_patch" time="0.118" /><testcase classname="backend.tests.test_reviews" name="test_admin_config_requires_auth" time="0.154" /><testcase classname="backend.tests.test_reviews" name="test_public_summary_has_seed_data" time="0.145" /><testcase classname="backend.tests.test_reviews" name="test_public_reviews_filter_and_sort" time="0.237" /><testcase classname="backend.tests.test_reviews" name="test_bulk_summary" time="0.116" /><testcase classname="backend.tests.test_reviews" name="test_review_request_not_eligible_for_fresh_order" time="0.880" /><testcase classname="backend.tests.test_reviews" name="test_review_request_eligible_when_delivered" time="0.794" /><testcase classname="backend.tests.test_reviews" name="test_submit_review_and_duplicate_rejection" time="0.535" /><testcase classname="backend.tests.test_reviews" name="test_submit_review_requires_correct_email" time="0.112" /><testcase classname="backend.tests.test_reviews" name="test_helpful_counter" time="0.241" /><testcase classname="backend.tests.test_reviews" name="test_admin_list_and_counts" time="0.056" /><testcase classname="backend.tests.test_reviews" name="test_admin_flag_approve_respond_delete" time="0.495" /><testcase classname="backend.tests.test_reviews" name="test_admin_aggregate_and_attention" time="0.109" /><testcase classname="backend.tests.test_reviews" name="test_admin_delete_review_permanent" time="0.006"><skipped type="pytest.skip" message="No item review to delete">/app/backend/tests/test_reviews.py:295: No item review to delete</skipped></testcase></testsuite></testsuites>