<?xml version="1.0" encoding="utf-8"?><testsuites name="pytest tests"><testsuite name="pytest" errors="0" failures="0" skipped="0" tests="20" time="3.273" timestamp="2026-04-20T12:08:51.893009+00:00" hostname="agent-env-ff71d4f1-196c-44f4-bdb6-8c44fdfc3702"><testcase classname="backend.tests.test_eightysix.TestAuthGuard" name="test_log_requires_admin" time="0.602" /><testcase classname="backend.tests.test_eightysix.TestAuthGuard" name="test_toggle_requires_admin" time="0.098" /><testcase classname="backend.tests.test_eightysix.TestAuthGuard" name="test_settings_requires_admin" time="0.066" /><testcase classname="backend.tests.test_eightysix.TestSettings" name="test_get_settings_default" time="0.069" /><testcase classname="backend.tests.test_eightysix.TestSettings" name="test_patch_settings_toggles" time="0.138" /><testcase classname="backend.tests.test_eightysix.TestSettings" name="test_patch_empty_body_400" time="0.067" /><testcase classname="backend.tests.test_eightysix.TestToggleItem" name="test_toggle_flip_to_sold_out" time="0.209" /><testcase classname="backend.tests.test_eightysix.TestToggleItem" name="test_toggle_explicit_in_stock_restores" time="0.071" /><testcase classname="backend.tests.test_eightysix.TestToggleItem" name="test_toggle_invalid_status" time="0.069" /><testcase classname="backend.tests.test_eightysix.TestToggleItem" name="test_toggle_unknown_item" time="0.069" /><testcase classname="backend.tests.test_eightysix.TestBatch" name="test_batch_by_ids_sold_out" time="0.207" /><testcase classname="backend.tests.test_eightysix.TestBatch" name="test_batch_restore_by_ids" time="0.202" /><testcase classname="backend.tests.test_eightysix.TestBatch" name="test_batch_by_category" time="0.149" /><testcase classname="backend.tests.test_eightysix.TestBatch" name="test_batch_invalid_status" time="0.068" /><testcase classname="backend.tests.test_eightysix.TestBatch" name="test_batch_empty_match" time="0.068" /><testcase classname="backend.tests.test_eightysix.TestLog" name="test_log_contains_recent_entries" time="0.169" /><testcase classname="backend.tests.test_eightysix.TestLog" name="test_log_filter_by_item" time="0.068" /><testcase classname="backend.tests.test_eightysix.TestMenuRegression" name="test_menu_items_unchanged_shape" time="0.027" /><testcase classname="backend.tests.test_eightysix.TestMenuRegression" name="test_sold_out_item_renders_in_menu" time="0.164" /><testcase classname="backend.tests.test_eightysix.TestAutoRestore" name="test_auto_restore_fires_on_open_when_fresh_day" time="0.602" /></testsuite></testsuites>