<?xml version="1.0" encoding="utf-8"?><testsuites name="pytest tests"><testsuite name="pytest" errors="0" failures="0" skipped="0" tests="17" time="2.503" timestamp="2026-04-20T14:33:23.528411+00:00" hostname="agent-env-ff71d4f1-196c-44f4-bdb6-8c44fdfc3702"><testcase classname="backend.tests.test_daily_summary.TestAuthGuard" name="test_daily_summary_unauth" time="0.646" /><testcase classname="backend.tests.test_daily_summary.TestAuthGuard" name="test_history_unauth" time="0.122" /><testcase classname="backend.tests.test_daily_summary.TestAuthGuard" name="test_delivery_settings_unauth" time="0.113" /><testcase classname="backend.tests.test_daily_summary.TestAuthGuard" name="test_generate_unauth" time="0.112" /><testcase classname="backend.tests.test_daily_summary.TestLiveSummary" name="test_summary_today" time="0.032" /><testcase classname="backend.tests.test_daily_summary.TestLiveSummary" name="test_summary_specific_date" time="0.070" /><testcase classname="backend.tests.test_daily_summary.TestSnapshots" name="test_generate_without_email" time="0.073" /><testcase classname="backend.tests.test_daily_summary.TestSnapshots" name="test_generate_with_email_no_recipients" time="0.139" /><testcase classname="backend.tests.test_daily_summary.TestSnapshots" name="test_generate_with_email_recipients" time="0.147" /><testcase classname="backend.tests.test_daily_summary.TestSnapshots" name="test_history_sorted_and_filtered" time="0.059" /><testcase classname="backend.tests.test_daily_summary.TestSnapshots" name="test_get_snapshot_and_404" time="0.139" /><testcase classname="backend.tests.test_daily_summary.TestSnapshots" name="test_delete_snapshot_and_404" time="0.136" /><testcase classname="backend.tests.test_daily_summary.TestDeliverySettings" name="test_get_defaults" time="0.141" /><testcase classname="backend.tests.test_daily_summary.TestDeliverySettings" name="test_patch_lowercases_emails" time="0.070" /><testcase classname="backend.tests.test_daily_summary.TestDeliverySettings" name="test_patch_invalid_send_at" time="0.075" /><testcase classname="backend.tests.test_daily_summary.TestDeliverySettings" name="test_patch_valid_send_at_and_format" time="0.069" /><testcase classname="backend.tests.test_daily_summary.TestDeliverySettings" name="test_delivery_settings_not_caught_by_sid_route" time="0.293" /></testsuite></testsuites>