<?xml version="1.0" encoding="utf-8"?><testsuites name="pytest tests"><testsuite name="pytest" errors="0" failures="0" skipped="0" tests="11" time="1.799" timestamp="2026-04-20T11:41:36.831388+00:00" hostname="agent-env-ff71d4f1-196c-44f4-bdb6-8c44fdfc3702"><testcase classname="backend.tests.test_live_queue.TestLiveQueue" name="test_unauth_live_queue" time="0.314" /><testcase classname="backend.tests.test_live_queue.TestLiveQueue" name="test_live_queue_shape" time="0.465" /><testcase classname="backend.tests.test_live_queue.TestLiveQueue" name="test_live_queue_includes_active_statuses" time="0.030" /><testcase classname="backend.tests.test_live_queue.TestBatchAccept" name="test_unauth_batch_accept" time="0.029" /><testcase classname="backend.tests.test_live_queue.TestBatchAccept" name="test_batch_accept_empty_rejected" time="0.029" /><testcase classname="backend.tests.test_live_queue.TestBatchAccept" name="test_batch_accept_accepts_and_skips" time="0.076" /><testcase classname="backend.tests.test_live_queue.TestBatchAccept" name="test_batch_route_does_not_collide" time="0.070" /><testcase classname="backend.tests.test_live_queue.TestAdminOrdersRegression" name="test_admin_new_orders_auth" time="0.068" /><testcase classname="backend.tests.test_live_queue.TestAdminOrdersRegression" name="test_accept_reject_advance_flow" time="0.483" /><testcase classname="backend.tests.test_live_queue.TestAdminOrdersRegression" name="test_reject_flow" time="0.071" /><testcase classname="backend.tests.test_live_queue.TestAdminOrdersRegression" name="test_accept_nonexistent_404" time="0.075" /></testsuite></testsuites>