<?xml version="1.0" encoding="utf-8"?><testsuites name="pytest tests"><testsuite name="pytest" errors="0" failures="0" skipped="1" tests="23" time="3.745" timestamp="2026-04-20T10:57:29.715495+00:00" hostname="agent-env-ff71d4f1-196c-44f4-bdb6-8c44fdfc3702"><testcase classname="backend.tests.test_printers.TestPrinterAuth" name="test_list_requires_admin" time="0.194" /><testcase classname="backend.tests.test_printers.TestPrinterAuth" name="test_create_requires_admin" time="0.106" /><testcase classname="backend.tests.test_printers.TestPrinterAuth" name="test_print_settings_get_requires_admin" time="0.105" /><testcase classname="backend.tests.test_printers.TestPrinterAuth" name="test_print_jobs_requires_admin" time="0.103" /><testcase classname="backend.tests.test_printers.TestPrinterCRUD" name="test_list_printers_structure" time="0.400" /><testcase classname="backend.tests.test_printers.TestPrinterCRUD" name="test_create_printer_persists" time="0.138" /><testcase classname="backend.tests.test_printers.TestPrinterCRUD" name="test_patch_printer_updates" time="0.137" /><testcase classname="backend.tests.test_printers.TestPrinterCRUD" name="test_delete_printer" time="0.163" /><testcase classname="backend.tests.test_printers.TestPrinterCRUD" name="test_delete_nonexistent_404" time="0.067" /><testcase classname="backend.tests.test_printers.TestPrinterTestPrint" name="test_offline_printer_returns_400" time="0.128" /><testcase classname="backend.tests.test_printers.TestPrinterTestPrint" name="test_online_printer_returns_200_and_updates_last_test_at" time="0.224" /><testcase classname="backend.tests.test_printers.TestPrinterTestPrint" name="test_test_print_nonexistent_404" time="0.068" /><testcase classname="backend.tests.test_printers.TestPrintSettings" name="test_get_returns_defaults_or_existing" time="0.136" /><testcase classname="backend.tests.test_printers.TestPrintSettings" name="test_patch_invalid_auto_trigger_rejected" time="0.079" /><testcase classname="backend.tests.test_printers.TestPrintSettings" name="test_patch_valid_auto_trigger_and_receipt" time="0.144" /><testcase classname="backend.tests.test_printers.TestPrintOrderTicket" name="test_print_kitchen_returns_job_and_ticket" time="0.129" /><testcase classname="backend.tests.test_printers.TestPrintOrderTicket" name="test_print_receipt_returns_job_and_ticket" time="0.030" /><testcase classname="backend.tests.test_printers.TestPrintOrderTicket" name="test_invalid_ticket_type_rejected" time="0.067" /><testcase classname="backend.tests.test_printers.TestPrintOrderTicket" name="test_print_nonexistent_order_404" time="0.079" /><testcase classname="backend.tests.test_printers.TestPrintJobs" name="test_list_jobs_descending_and_filter" time="0.151" /><testcase classname="backend.tests.test_printers.TestPublicReceipt" name="test_public_receipt_no_auth" time="0.111" /><testcase classname="backend.tests.test_printers.TestPublicReceipt" name="test_public_receipt_404" time="0.110" /><testcase classname="backend.tests.test_printers.TestAutoQueueOnAcceptance" name="test_accept_queues_jobs_when_on_acceptance" time="0.776"><skipped type="pytest.skip" message="No pending paid orders available to accept for auto-queue test">/app/backend/tests/test_printers.py:334: No pending paid orders available to accept for auto-queue test</skipped></testcase></testsuite></testsuites>