<?xml version="1.0" encoding="utf-8"?><testsuites name="pytest tests"><testsuite name="pytest" errors="0" failures="0" skipped="0" tests="13" time="4.296" timestamp="2026-04-17T17:02:30.137397+00:00" hostname="agent-env-d9bc0b99-30b3-4897-b914-fb6f3d2020bd"><testcase classname="backend.tests.test_modifiers.TestModifierEndpoints" name="test_get_all_modifiers" time="0.146" /><testcase classname="backend.tests.test_modifiers.TestModifierEndpoints" name="test_modifier_group_structure" time="0.108" /><testcase classname="backend.tests.test_modifiers.TestModifierEndpoints" name="test_get_item_modifiers_item_001" time="0.112" /><testcase classname="backend.tests.test_modifiers.TestModifierEndpoints" name="test_get_item_modifiers_item_008" time="0.108" /><testcase classname="backend.tests.test_modifiers.TestModifierEndpoints" name="test_addons_group_structure" time="0.104" /><testcase classname="backend.tests.test_modifiers.TestModifierEndpoints" name="test_temperature_group_structure" time="0.100" /><testcase classname="backend.tests.test_modifiers.TestAdminModifierEndpoints" name="test_create_modifier_group" time="0.522" /><testcase classname="backend.tests.test_modifiers.TestAdminModifierEndpoints" name="test_update_modifier_group" time="0.703" /><testcase classname="backend.tests.test_modifiers.TestAdminModifierEndpoints" name="test_delete_modifier_group" time="0.817" /><testcase classname="backend.tests.test_modifiers.TestAdminModifierEndpoints" name="test_admin_endpoints_require_auth" time="0.589" /><testcase classname="backend.tests.test_modifiers.TestAdminModifierEndpoints" name="test_delete_nonexistent_modifier_returns_404" time="0.461" /><testcase classname="backend.tests.test_modifiers.TestMenuItemWithModifiers" name="test_get_menu_item_details" time="0.114" /><testcase classname="backend.tests.test_modifiers.TestMenuItemWithModifiers" name="test_item_modifiers_match_category" time="0.347" /></testsuite></testsuites>