<?xml version="1.0" encoding="utf-8"?><testsuites name="pytest tests"><testsuite name="pytest" errors="0" failures="0" skipped="0" tests="21" time="1.752" timestamp="2026-04-17T16:31:41.747249+00:00" hostname="agent-env-d9bc0b99-30b3-4897-b914-fb6f3d2020bd"><testcase classname="backend.tests.test_menu_catalog.TestMenuItemsPublic" name="test_get_all_menu_items" time="0.005" /><testcase classname="backend.tests.test_menu_catalog.TestMenuItemsPublic" name="test_get_menu_items_by_category_starters" time="0.003" /><testcase classname="backend.tests.test_menu_catalog.TestMenuItemsPublic" name="test_get_menu_items_by_category_mains" time="0.002" /><testcase classname="backend.tests.test_menu_catalog.TestMenuItemsPublic" name="test_get_menu_items_by_category_drinks" time="0.002" /><testcase classname="backend.tests.test_menu_catalog.TestMenuItemsPublic" name="test_get_menu_items_by_category_desserts" time="0.002" /><testcase classname="backend.tests.test_menu_catalog.TestMenuItemsPublic" name="test_get_single_menu_item" time="0.002" /><testcase classname="backend.tests.test_menu_catalog.TestMenuItemsPublic" name="test_get_sold_out_item" time="0.002" /><testcase classname="backend.tests.test_menu_catalog.TestMenuItemsPublic" name="test_get_seasonal_item" time="0.002" /><testcase classname="backend.tests.test_menu_catalog.TestMenuItemsPublic" name="test_get_nonexistent_item_returns_404" time="0.002" /><testcase classname="backend.tests.test_menu_catalog.TestMenuItemsPublic" name="test_get_categories" time="0.002" /><testcase classname="backend.tests.test_menu_catalog.TestAdminAuth" name="test_admin_login_success" time="0.231" /><testcase classname="backend.tests.test_menu_catalog.TestAdminAuth" name="test_admin_me_endpoint" time="0.228" /><testcase classname="backend.tests.test_menu_catalog.TestAdminMenuCRUD" name="test_create_menu_item_requires_auth" time="0.001" /><testcase classname="backend.tests.test_menu_catalog.TestAdminMenuCRUD" name="test_create_menu_item_success" time="0.234" /><testcase classname="backend.tests.test_menu_catalog.TestAdminMenuCRUD" name="test_update_menu_item" time="0.241" /><testcase classname="backend.tests.test_menu_catalog.TestAdminMenuCRUD" name="test_delete_menu_item" time="0.232" /><testcase classname="backend.tests.test_menu_catalog.TestAdminMenuCRUD" name="test_toggle_item_availability" time="0.236" /><testcase classname="backend.tests.test_menu_catalog.TestAdminMenuCRUD" name="test_toggle_requires_admin" time="0.001" /><testcase classname="backend.tests.test_menu_catalog.TestAdminMenuCRUD" name="test_delete_requires_admin" time="0.001" /><testcase classname="backend.tests.test_menu_catalog.TestAdminDashboard" name="test_admin_dashboard_requires_auth" time="0.001" /><testcase classname="backend.tests.test_menu_catalog.TestAdminDashboard" name="test_admin_dashboard_with_auth" time="0.232" /></testsuite></testsuites>