<?xml version="1.0" encoding="utf-8"?><testsuites name="pytest tests"><testsuite name="pytest" errors="0" failures="0" skipped="7" tests="17" time="2.866" timestamp="2026-04-18T07:44:01.036569+00:00" hostname="agent-env-d9bc0b99-30b3-4897-b914-fb6f3d2020bd"><testcase classname="backend.tests.test_admin_orders.TestAdminOrdersAuth" name="test_get_new_orders_without_auth_returns_401" time="0.298" /><testcase classname="backend.tests.test_admin_orders.TestAdminOrdersAuth" name="test_accept_order_without_auth_returns_401" time="0.114" /><testcase classname="backend.tests.test_admin_orders.TestAdminOrdersAuth" name="test_reject_order_without_auth_returns_401" time="0.107" /><testcase classname="backend.tests.test_admin_orders.TestAdminOrdersAuth" name="test_advance_order_without_auth_returns_401" time="0.120" /><testcase classname="backend.tests.test_admin_orders.TestAdminOrdersWithAuth" name="test_get_new_orders_returns_structure" time="0.408" /><testcase classname="backend.tests.test_admin_orders.TestAdminOrdersWithAuth" name="test_get_new_orders_with_future_since_returns_empty" time="0.414" /><testcase classname="backend.tests.test_admin_orders.TestAdminOrdersWithAuth" name="test_accept_nonexistent_order_returns_404" time="0.396" /><testcase classname="backend.tests.test_admin_orders.TestAdminOrdersWithAuth" name="test_reject_nonexistent_order_returns_404" time="0.402" /><testcase classname="backend.tests.test_admin_orders.TestAdminOrdersWithAuth" name="test_advance_nonexistent_order_returns_404" time="0.414" /><testcase classname="backend.tests.test_admin_orders.TestPublicOrderTracking" name="test_get_order_nonexistent_returns_404" time="0.111" /><testcase classname="backend.tests.test_admin_orders.TestOrderWorkflow" name="test_accept_order_sets_status_preparing_and_accepted_at" time="0.000"><skipped type="pytest.skip" message="Requires direct MongoDB access - verified manually via curl">/app/backend/tests/test_admin_orders.py:146: Requires direct MongoDB access - verified manually via curl</skipped></testcase><testcase classname="backend.tests.test_admin_orders.TestOrderWorkflow" name="test_reject_order_sets_status_rejected_and_reason" time="0.000"><skipped type="pytest.skip" message="Requires direct MongoDB access - verified manually via curl">/app/backend/tests/test_admin_orders.py:155: Requires direct MongoDB access - verified manually via curl</skipped></testcase><testcase classname="backend.tests.test_admin_orders.TestOrderWorkflow" name="test_advance_delivery_order_flow" time="0.000"><skipped type="pytest.skip" message="Requires direct MongoDB access - verified manually via curl">/app/backend/tests/test_admin_orders.py:165: Requires direct MongoDB access - verified manually via curl</skipped></testcase><testcase classname="backend.tests.test_admin_orders.TestOrderWorkflow" name="test_advance_pickup_order_flow" time="0.000"><skipped type="pytest.skip" message="Requires direct MongoDB access - verified manually via curl">/app/backend/tests/test_admin_orders.py:173: Requires direct MongoDB access - verified manually via curl</skipped></testcase><testcase classname="backend.tests.test_admin_orders.TestOrderWorkflow" name="test_advance_dinein_order_flow" time="0.000"><skipped type="pytest.skip" message="Requires direct MongoDB access - verified manually via curl">/app/backend/tests/test_admin_orders.py:181: Requires direct MongoDB access - verified manually via curl</skipped></testcase><testcase classname="backend.tests.test_admin_orders.TestOrderWorkflow" name="test_public_order_tracking_returns_full_order" time="0.000"><skipped type="pytest.skip" message="Requires direct MongoDB access - verified manually via curl">/app/backend/tests/test_admin_orders.py:189: Requires direct MongoDB access - verified manually via curl</skipped></testcase><testcase classname="backend.tests.test_admin_orders.TestOrderWorkflow" name="test_new_orders_shows_paid_preparing_orders" time="0.000"><skipped type="pytest.skip" message="Requires direct MongoDB access - verified manually via curl">/app/backend/tests/test_admin_orders.py:198: Requires direct MongoDB access - verified manually via curl</skipped></testcase></testsuite></testsuites>