<?xml version="1.0" encoding="utf-8"?><testsuites name="pytest tests"><testsuite name="pytest" errors="0" failures="0" skipped="0" tests="18" time="5.642" timestamp="2026-04-18T07:09:24.927096+00:00" hostname="agent-env-d9bc0b99-30b3-4897-b914-fb6f3d2020bd"><testcase classname="backend.tests.test_coupons.TestPromoValidation" name="test_save10_valid" time="0.339" /><testcase classname="backend.tests.test_coupons.TestPromoValidation" name="test_save10_case_insensitive" time="0.118" /><testcase classname="backend.tests.test_coupons.TestPromoValidation" name="test_expired10_invalid" time="0.110" /><testcase classname="backend.tests.test_coupons.TestPromoValidation" name="test_freeship_pickup_invalid" time="0.104" /><testcase classname="backend.tests.test_coupons.TestPromoValidation" name="test_freeship_delivery_valid" time="0.109" /><testcase classname="backend.tests.test_coupons.TestPromoValidation" name="test_welcome5_below_minimum" time="0.108" /><testcase classname="backend.tests.test_coupons.TestPromoValidation" name="test_welcome5_first_order_only" time="0.108" /><testcase classname="backend.tests.test_coupons.TestPromoValidation" name="test_invalid_code" time="0.107" /><testcase classname="backend.tests.test_coupons.TestAdminCouponsAuth" name="test_get_coupons_without_auth" time="0.112" /><testcase classname="backend.tests.test_coupons.TestAdminCouponsCRUD" name="test_list_coupons_returns_seeded" time="0.398" /><testcase classname="backend.tests.test_coupons.TestAdminCouponsCRUD" name="test_create_coupon" time="0.469" /><testcase classname="backend.tests.test_coupons.TestAdminCouponsCRUD" name="test_create_duplicate_coupon_fails" time="0.547" /><testcase classname="backend.tests.test_coupons.TestAdminCouponsCRUD" name="test_create_bogo_type_fails" time="0.406" /><testcase classname="backend.tests.test_coupons.TestAdminCouponsCRUD" name="test_update_coupon" time="0.532" /><testcase classname="backend.tests.test_coupons.TestAdminCouponsCRUD" name="test_toggle_coupon" time="0.614" /><testcase classname="backend.tests.test_coupons.TestAdminCouponsCRUD" name="test_delete_coupon" time="0.536" /><testcase classname="backend.tests.test_coupons.TestAdminCouponsCRUD" name="test_delete_nonexistent_coupon" time="0.401" /><testcase classname="backend.tests.test_coupons.TestSeededCouponsExist" name="test_seeded_coupons_properties" time="0.417" /></testsuite></testsuites>