<?xml version="1.0" encoding="utf-8"?><testsuites name="pytest tests"><testsuite name="pytest" errors="0" failures="0" skipped="0" tests="19" time="3.089" timestamp="2026-04-17T16:49:00.685951+00:00" hostname="agent-env-d9bc0b99-30b3-4897-b914-fb6f3d2020bd"><testcase classname="backend.tests.test_categories.TestCategoryPublicEndpoints" name="test_get_categories_tree" time="0.004" /><testcase classname="backend.tests.test_categories.TestCategoryPublicEndpoints" name="test_get_all_categories" time="0.002" /><testcase classname="backend.tests.test_categories.TestCategoryPublicEndpoints" name="test_get_category_by_slug_drinks" time="0.002" /><testcase classname="backend.tests.test_categories.TestCategoryPublicEndpoints" name="test_get_category_by_slug_mains" time="0.002" /><testcase classname="backend.tests.test_categories.TestCategoryPublicEndpoints" name="test_get_category_not_found" time="0.002" /><testcase classname="backend.tests.test_categories.TestCategoryAdminEndpoints" name="test_create_category_top_level" time="0.312" /><testcase classname="backend.tests.test_categories.TestCategoryAdminEndpoints" name="test_create_subcategory" time="0.356" /><testcase classname="backend.tests.test_categories.TestCategoryAdminEndpoints" name="test_update_category" time="0.356" /><testcase classname="backend.tests.test_categories.TestCategoryAdminEndpoints" name="test_toggle_category_visibility" time="0.403" /><testcase classname="backend.tests.test_categories.TestCategoryAdminEndpoints" name="test_delete_category" time="0.314" /><testcase classname="backend.tests.test_categories.TestCategoryAdminEndpoints" name="test_delete_category_with_subcategories" time="0.358" /><testcase classname="backend.tests.test_categories.TestCategoryAdminEndpoints" name="test_reorder_categories" time="0.357" /><testcase classname="backend.tests.test_categories.TestCategoryAuthProtection" name="test_create_category_requires_auth" time="0.003" /><testcase classname="backend.tests.test_categories.TestCategoryAuthProtection" name="test_update_category_requires_auth" time="0.002" /><testcase classname="backend.tests.test_categories.TestCategoryAuthProtection" name="test_delete_category_requires_auth" time="0.002" /><testcase classname="backend.tests.test_categories.TestCategoryAuthProtection" name="test_toggle_category_requires_auth" time="0.002" /><testcase classname="backend.tests.test_categories.TestCategoryAuthProtection" name="test_reorder_categories_requires_auth" time="0.001" /><testcase classname="backend.tests.test_categories.TestCategoryNonAdminAccess" name="test_create_category_requires_admin_role" time="0.272" /><testcase classname="backend.tests.test_categories.TestCategoryNonAdminAccess" name="test_toggle_category_requires_admin_role" time="0.270" /></testsuite></testsuites>