<?xml version="1.0" encoding="utf-8"?><testsuites name="pytest tests"><testsuite name="pytest" errors="0" failures="0" skipped="0" tests="14" time="2.683" timestamp="2026-04-17T17:15:47.469950+00:00" hostname="agent-env-d9bc0b99-30b3-4897-b914-fb6f3d2020bd"><testcase classname="backend.tests.test_variants.TestVariantsBackend" name="test_get_item_001_has_variants" time="0.324" /><testcase classname="backend.tests.test_variants.TestVariantsBackend" name="test_item_001_variant_structure" time="0.107" /><testcase classname="backend.tests.test_variants.TestVariantsBackend" name="test_item_001_variant_prices" time="0.108" /><testcase classname="backend.tests.test_variants.TestVariantsBackend" name="test_item_001_variant_stock_status" time="0.126" /><testcase classname="backend.tests.test_variants.TestVariantsBackend" name="test_get_item_005_has_variants" time="0.110" /><testcase classname="backend.tests.test_variants.TestVariantsBackend" name="test_item_005_case_sold_out" time="0.109" /><testcase classname="backend.tests.test_variants.TestVariantsBackend" name="test_get_item_010_has_variants" time="0.101" /><testcase classname="backend.tests.test_variants.TestVariantsBackend" name="test_item_010_variant_prices" time="0.109" /><testcase classname="backend.tests.test_variants.TestVariantsBackend" name="test_item_002_no_variants" time="0.112" /><testcase classname="backend.tests.test_variants.TestVariantsBackend" name="test_item_006_has_variants" time="0.104" /><testcase classname="backend.tests.test_variants.TestVariantsBackend" name="test_admin_update_variants" time="0.535" /><testcase classname="backend.tests.test_variants.TestVariantsBackend" name="test_admin_update_variants_requires_auth" time="0.102" /><testcase classname="backend.tests.test_variants.TestVariantsBackend" name="test_admin_delete_variant" time="0.535" /><testcase classname="backend.tests.test_variants.TestVariantsBackend" name="test_get_all_items_includes_variants" time="0.110" /></testsuite></testsuites>