<?xml version="1.0" encoding="utf-8"?><testsuites name="pytest tests"><testsuite name="pytest" errors="0" failures="0" skipped="0" tests="18" time="5.050" timestamp="2026-04-18T05:14:08.081872+00:00" hostname="agent-env-d9bc0b99-30b3-4897-b914-fb6f3d2020bd"><testcase classname="backend.tests.test_store_hours.TestStoreStatus" name="test_store_status_returns_200" time="0.233" /><testcase classname="backend.tests.test_store_hours.TestStoreStatus" name="test_store_status_has_required_fields" time="0.113" /><testcase classname="backend.tests.test_store_hours.TestStoreStatus" name="test_store_status_is_open_boolean" time="0.111" /><testcase classname="backend.tests.test_store_hours.TestAdminHoursAuth" name="test_get_hours_requires_auth" time="0.110" /><testcase classname="backend.tests.test_store_hours.TestAdminHoursAuth" name="test_put_hours_requires_auth" time="0.107" /><testcase classname="backend.tests.test_store_hours.TestAdminHoursAuth" name="test_pause_requires_auth" time="0.105" /><testcase classname="backend.tests.test_store_hours.TestAdminHoursAuth" name="test_get_holidays_requires_auth" time="0.107" /><testcase classname="backend.tests.test_store_hours.TestAdminHoursAuth" name="test_create_holiday_requires_auth" time="0.114" /><testcase classname="backend.tests.test_store_hours.TestAdminHoursAuthenticated" name="test_get_store_hours" time="0.358" /><testcase classname="backend.tests.test_store_hours.TestAdminHoursAuthenticated" name="test_get_store_hours_has_day_config" time="0.359" /><testcase classname="backend.tests.test_store_hours.TestAdminHoursAuthenticated" name="test_sunday_has_different_hours" time="0.363" /><testcase classname="backend.tests.test_store_hours.TestAdminHoursAuthenticated" name="test_update_store_hours" time="0.463" /><testcase classname="backend.tests.test_store_hours.TestAdminHoursAuthenticated" name="test_pause_ordering_toggle" time="0.495" /><testcase classname="backend.tests.test_store_hours.TestAdminHolidays" name="test_get_holidays" time="0.400" /><testcase classname="backend.tests.test_store_hours.TestAdminHolidays" name="test_create_holiday" time="0.476" /><testcase classname="backend.tests.test_store_hours.TestAdminHolidays" name="test_delete_holiday" time="0.545" /><testcase classname="backend.tests.test_store_hours.TestAdminHolidays" name="test_delete_nonexistent_holiday_returns_404" time="0.411" /><testcase classname="backend.tests.test_store_hours.TestHealthEndpoint" name="test_health_endpoint" time="0.109" /></testsuite></testsuites>