<?xml version="1.0" encoding="utf-8"?><testsuites name="pytest tests"><testsuite name="pytest" errors="0" failures="1" skipped="0" tests="19" time="8.523" timestamp="2026-04-18T05:59:09.526537+00:00" hostname="agent-env-d9bc0b99-30b3-4897-b914-fb6f3d2020bd"><testcase classname="backend.tests.test_checkout_orders.TestPromoCodeValidation" name="test_valid_promo_save10" time="0.148" /><testcase classname="backend.tests.test_checkout_orders.TestPromoCodeValidation" name="test_invalid_promo_code" time="0.110" /><testcase classname="backend.tests.test_checkout_orders.TestPromoCodeValidation" name="test_welcome5_promo_min_subtotal" time="0.222" /><testcase classname="backend.tests.test_checkout_orders.TestPromoCodeValidation" name="test_freeship_promo" time="0.106" /><testcase classname="backend.tests.test_checkout_orders.TestOrderCreation" name="test_create_order_pickup_success" time="0.521" /><testcase classname="backend.tests.test_checkout_orders.TestOrderCreation" name="test_create_order_delivery_missing_address" time="0.114" /><testcase classname="backend.tests.test_checkout_orders.TestOrderCreation" name="test_create_order_dine_in_missing_table" time="0.108" /><testcase classname="backend.tests.test_checkout_orders.TestOrderCreation" name="test_create_order_invalid_item_id" time="0.115" /><testcase classname="backend.tests.test_checkout_orders.TestOrderCreation" name="test_create_order_delivery_with_address" time="0.541" /><testcase classname="backend.tests.test_checkout_orders.TestOrderCreation" name="test_create_order_dine_in_with_table" time="0.486" /><testcase classname="backend.tests.test_checkout_orders.TestOrderRetrieval" name="test_get_order_by_id" time="0.676" /><testcase classname="backend.tests.test_checkout_orders.TestOrderRetrieval" name="test_get_order_not_found" time="0.103" /><testcase classname="backend.tests.test_checkout_orders.TestPaymentStatus" name="test_payment_status_for_created_order" time="0.747"><failure message="assert 502 == 200&#10; +  where 502 = &lt;Response [502]&gt;.status_code">backend/tests/test_checkout_orders.py:302: in test_payment_status_for_created_order
    assert status_response.status_code == 200
E   assert 502 == 200
E    +  where 502 = &lt;Response [502]&gt;.status_code</failure></testcase><testcase classname="backend.tests.test_checkout_orders.TestPricingMath" name="test_tax_calculation" time="0.631" /><testcase classname="backend.tests.test_checkout_orders.TestPricingMath" name="test_delivery_fee_only_for_delivery" time="1.234" /><testcase classname="backend.tests.test_checkout_orders.TestPricingMath" name="test_save10_discount_calculation" time="0.604" /><testcase classname="backend.tests.test_checkout_orders.TestPricingMath" name="test_freeship_makes_delivery_free" time="0.601" /><testcase classname="backend.tests.test_checkout_orders.TestPricingMath" name="test_backend_uses_db_prices_not_frontend" time="0.708" /><testcase classname="backend.tests.test_checkout_orders.TestOrderPersistence" name="test_order_persisted_with_correct_status" time="0.651" /></testsuite></testsuites>