<?xml version="1.0" encoding="utf-8"?><testsuites name="pytest tests"><testsuite name="pytest" errors="0" failures="0" skipped="0" tests="10" time="1.339" timestamp="2026-04-17T14:49:53.074229+00:00" hostname="agent-env-d9bc0b99-30b3-4897-b914-fb6f3d2020bd"><testcase classname="backend.tests.test_api.TestHealthAndRoot" name="test_health_check" time="0.199" /><testcase classname="backend.tests.test_api.TestHealthAndRoot" name="test_root_endpoint" time="0.102" /><testcase classname="backend.tests.test_api.TestMenuEndpoints" name="test_get_menu_items" time="0.114" /><testcase classname="backend.tests.test_api.TestMenuEndpoints" name="test_get_menu_item_not_found" time="0.118" /><testcase classname="backend.tests.test_api.TestMenuEndpoints" name="test_get_categories" time="0.104" /><testcase classname="backend.tests.test_api.TestOrderEndpoints" name="test_get_orders" time="0.151" /><testcase classname="backend.tests.test_api.TestOrderEndpoints" name="test_get_order_not_found" time="0.104" /><testcase classname="backend.tests.test_api.TestAdminEndpoints" name="test_admin_dashboard" time="0.105" /><testcase classname="backend.tests.test_api.TestAdminEndpoints" name="test_admin_queue" time="0.112" /><testcase classname="backend.tests.test_api.TestKitchenEndpoints" name="test_kitchen_orders" time="0.105" /></testsuite></testsuites>