<?xml version="1.0" encoding="utf-8"?><testsuites name="pytest tests"><testsuite name="pytest" errors="0" failures="0" skipped="0" tests="23" time="12.766" timestamp="2026-04-20T05:25:05.794026+00:00" hostname="agent-env-d9bc0b99-30b3-4897-b914-fb6f3d2020bd"><testcase classname="backend.tests.test_kds.TestKDSSettingsAuth" name="test_get_settings_without_auth_returns_401" time="0.292" /><testcase classname="backend.tests.test_kds.TestKDSSettingsAuth" name="test_put_settings_without_auth_returns_401" time="0.112" /><testcase classname="backend.tests.test_kds.TestKDSSettingsAdmin" name="test_get_settings_returns_defaults_on_first_call" time="0.401" /><testcase classname="backend.tests.test_kds.TestKDSSettingsAdmin" name="test_put_settings_invalid_columns_returns_400" time="0.399" /><testcase classname="backend.tests.test_kds.TestKDSSettingsAdmin" name="test_put_settings_invalid_columns_1_returns_400" time="0.422" /><testcase classname="backend.tests.test_kds.TestKDSSettingsAdmin" name="test_put_settings_valid_columns_and_audio" time="0.474" /><testcase classname="backend.tests.test_kds.TestKDSSettingsAdmin" name="test_put_settings_add_category_to_prep_times" time="0.469" /><testcase classname="backend.tests.test_kds.TestKDSSettingsAdmin" name="test_put_settings_remove_category_from_prep_times" time="0.467" /><testcase classname="backend.tests.test_kds.TestKDSSettingsAdmin" name="test_put_settings_add_station_to_routing" time="0.472" /><testcase classname="backend.tests.test_kds.TestKDSSettingsAdmin" name="test_put_settings_remove_station_from_routing" time="0.486" /><testcase classname="backend.tests.test_kds.TestKDSSettingsAdmin" name="test_put_settings_restore_defaults" time="0.402" /><testcase classname="backend.tests.test_kds.TestKDSBoardAuth" name="test_get_board_without_auth_returns_401" time="0.111" /><testcase classname="backend.tests.test_kds.TestKDSBoard" name="test_get_board_returns_structure" time="0.396" /><testcase classname="backend.tests.test_kds.TestKDSBoard" name="test_get_board_with_station_filter" time="0.396" /><testcase classname="backend.tests.test_kds.TestKDSItemStatus" name="test_patch_item_status_without_auth_returns_401" time="0.476" /><testcase classname="backend.tests.test_kds.TestKDSItemStatus" name="test_patch_item_status_invalid_status_returns_400" time="0.409" /><testcase classname="backend.tests.test_kds.TestKDSItemStatus" name="test_patch_item_status_nonexistent_order_returns_404" time="0.400" /><testcase classname="backend.tests.test_kds.TestKDSBump" name="test_bump_without_auth_returns_401" time="0.435" /><testcase classname="backend.tests.test_kds.TestKDSBump" name="test_bump_nonexistent_order_returns_404" time="0.408" /><testcase classname="backend.tests.test_kds.TestKDSIntegration" name="test_create_test_order_and_verify_on_board" time="1.454" /><testcase classname="backend.tests.test_kds.TestKDSIntegration" name="test_delivery_order_bump_sets_out_for_delivery" time="1.159" /><testcase classname="backend.tests.test_kds.TestKDSIntegration" name="test_station_filter_returns_only_matching_items" time="1.356" /><testcase classname="backend.tests.test_kds.TestKDSItemStatusValidation" name="test_invalid_line_index_returns_400" time="1.219" /></testsuite></testsuites>