<?xml version="1.0" encoding="utf-8"?><testsuites name="pytest tests"><testsuite name="pytest" errors="0" failures="0" skipped="0" tests="8" time="3.073" timestamp="2026-04-18T06:39:47.876173+00:00" hostname="agent-env-d9bc0b99-30b3-4897-b914-fb6f3d2020bd"><testcase classname="backend.tests.test_payment_methods.TestPaymentMethodsGuest" name="test_get_payment_methods_guest_returns_empty" time="0.198" /><testcase classname="backend.tests.test_payment_methods.TestPaymentMethodsGuest" name="test_post_payment_method_guest_returns_401" time="0.111" /><testcase classname="backend.tests.test_payment_methods.TestPaymentMethodsAuthenticated" name="test_crud_payment_method" time="0.475" /><testcase classname="backend.tests.test_payment_methods.TestPaymentMethodsAuthenticated" name="test_duplicate_payment_method_returns_existing" time="0.446" /><testcase classname="backend.tests.test_payment_methods.TestPaymentMethodsAuthenticated" name="test_last4_truncation" time="0.536" /><testcase classname="backend.tests.test_payment_methods.TestPaymentMethodsAuthenticated" name="test_last4_invalid_returns_400" time="0.469" /><testcase classname="backend.tests.test_payment_methods.TestPaymentMethodsAuthenticated" name="test_delete_nonexistent_returns_404" time="0.383" /><testcase classname="backend.tests.test_payment_methods.TestPaymentMethodAutoSave" name="test_auto_save_card_on_paid_order" time="0.386" /></testsuite></testsuites>