<?xml version="1.0" encoding="utf-8"?><testsuites name="pytest tests"><testsuite name="pytest" errors="0" failures="0" skipped="0" tests="19" time="3.505" timestamp="2026-04-17T16:10:34.764344+00:00" hostname="agent-env-d9bc0b99-30b3-4897-b914-fb6f3d2020bd"><testcase classname="tests.test_auth.TestHealthAndRoot" name="test_health_check" time="0.151" /><testcase classname="tests.test_auth.TestHealthAndRoot" name="test_root_endpoint" time="0.029" /><testcase classname="tests.test_auth.TestUserRegistration" name="test_register_success" time="0.258" /><testcase classname="tests.test_auth.TestUserRegistration" name="test_register_empty_email_fails" time="0.028" /><testcase classname="tests.test_auth.TestUserRegistration" name="test_register_short_password_fails" time="0.029" /><testcase classname="tests.test_auth.TestUserRegistration" name="test_register_duplicate_email_fails" time="0.286" /><testcase classname="tests.test_auth.TestUserLogin" name="test_login_admin_success" time="0.252" /><testcase classname="tests.test_auth.TestUserLogin" name="test_login_wrong_password_fails" time="0.252" /><testcase classname="tests.test_auth.TestUserLogin" name="test_login_nonexistent_user_fails" time="0.029" /><testcase classname="tests.test_auth.TestAuthMe" name="test_me_authenticated" time="0.289" /><testcase classname="tests.test_auth.TestAuthMe" name="test_me_unauthenticated" time="0.104" /><testcase classname="tests.test_auth.TestLogout" name="test_logout_clears_session" time="0.287" /><testcase classname="tests.test_auth.TestForgotPassword" name="test_forgot_password_returns_success" time="0.030" /><testcase classname="tests.test_auth.TestForgotPassword" name="test_forgot_password_nonexistent_email" time="0.028" /><testcase classname="tests.test_auth.TestResetPassword" name="test_reset_password_invalid_token" time="0.029" /><testcase classname="tests.test_auth.TestResetPassword" name="test_reset_password_short_password" time="0.038" /><testcase classname="tests.test_auth.TestGuestSession" name="test_create_guest_session" time="0.030" /><testcase classname="tests.test_auth.TestBruteForceProtection" name="test_brute_force_mechanism_exists" time="1.193" /><testcase classname="tests.test_auth.TestTokenRefresh" name="test_refresh_without_token" time="0.106" /></testsuite></testsuites>