<?xml version="1.0" encoding="utf-8"?><testsuites name="pytest tests"><testsuite name="pytest" errors="0" failures="0" skipped="0" tests="8" time="2.606" timestamp="2026-04-18T09:25:54.158769+00:00" hostname="agent-env-d9bc0b99-30b3-4897-b914-fb6f3d2020bd"><testcase classname="backend.tests.test_order_history_reorder.TestFavoriteToggleAuth" name="test_favorite_without_auth_returns_401" time="0.162" /><testcase classname="backend.tests.test_order_history_reorder.TestFavoriteToggleAuth" name="test_favorite_nonexistent_order_returns_404" time="0.407" /><testcase classname="backend.tests.test_order_history_reorder.TestOrdersListEndpoint" name="test_orders_without_auth_no_email_returns_empty" time="0.107" /><testcase classname="backend.tests.test_order_history_reorder.TestOrdersListEndpoint" name="test_orders_with_email_param_returns_matching" time="0.108" /><testcase classname="backend.tests.test_order_history_reorder.TestOrdersListEndpoint" name="test_orders_authenticated_returns_user_orders" time="0.358" /><testcase classname="backend.tests.test_order_history_reorder.TestFavoriteToggleFunctionality" name="test_favorite_toggle_flips_starred_boolean" time="0.510" /><testcase classname="backend.tests.test_order_history_reorder.TestFavoriteToggleAuthorization" name="test_non_owner_cannot_favorite_others_order" time="0.769" /><testcase classname="backend.tests.test_order_history_reorder.TestMenuItemsForReorder" name="test_menu_items_returns_items_with_status" time="0.105" /></testsuite></testsuites>